[2020-12-19 19:47:28] laravel.EMERGENCY: Unable to create configured logger. Using emergency logger. {"exception":"[object] (InvalidArgumentException(code: 0): Invalid API key at E:\\_CODING\\_develop\\tinel\\vendor\\bugsnag\\bugsnag\\src\\Configuration.php:167)
[stacktrace]
#0 E:\\_CODING\\_develop\\tinel\\vendor\\bugsnag\\bugsnag-laravel\\src\\BugsnagServiceProvider.php(186): Bugsnag\\Configuration->__construct(NULL)
#1 E:\\_CODING\\_develop\\tinel\\vendor\\laravel\\framework\\src\\Illuminate\\Container\\Container.php(805): Bugsnag\\BugsnagLaravel\\BugsnagServiceProvider->Bugsnag\\BugsnagLaravel\\{closure}(Object(Illuminate\\Foundation\\Application), Array)
#2 E:\\_CODING\\_develop\\tinel\\vendor\\laravel\\framework\\src\\Illuminate\\Container\\Container.php(691): Illuminate\\Container\\Container->build(Object(Closure))
#3 E:\\_CODING\\_develop\\tinel\\vendor\\laravel\\framework\\src\\Illuminate\\Foundation\\Application.php(796): Illuminate\\Container\\Container->resolve('bugsnag', Array, true)
#4 E:\\_CODING\\_develop\\tinel\\vendor\\laravel\\framework\\src\\Illuminate\\Container\\Container.php(637): Illuminate\\Foundation\\Application->resolve('bugsnag', Array)
#5 E:\\_CODING\\_develop\\tinel\\vendor\\laravel\\framework\\src\\Illuminate\\Foundation\\Application.php(781): Illuminate\\Container\\Container->make('bugsnag', Array)
#6 E:\\_CODING\\_develop\\tinel\\vendor\\laravel\\framework\\src\\Illuminate\\Container\\Container.php(1284): Illuminate\\Foundation\\Application->make('bugsnag')
#7 E:\\_CODING\\_develop\\tinel\\vendor\\bugsnag\\bugsnag-laravel\\src\\BugsnagServiceProvider.php(238): Illuminate\\Container\\Container->offsetGet('bugsnag')
#8 E:\\_CODING\\_develop\\tinel\\vendor\\laravel\\framework\\src\\Illuminate\\Container\\Container.php(805): Bugsnag\\BugsnagLaravel\\BugsnagServiceProvider->Bugsnag\\BugsnagLaravel\\{closure}(Object(Illuminate\\Foundation\\Application), Array)
#9 E:\\_CODING\\_develop\\tinel\\vendor\\laravel\\framework\\src\\Illuminate\\Container\\Container.php(691): Illuminate\\Container\\Container->build(Object(Closure))
#10 E:\\_CODING\\_develop\\tinel\\vendor\\laravel\\framework\\src\\Illuminate\\Foundation\\Application.php(796): Illuminate\\Container\\Container->resolve('bugsnag.logger', Array, true)
#11 E:\\_CODING\\_develop\\tinel\\vendor\\laravel\\framework\\src\\Illuminate\\Container\\Container.php(637): Illuminate\\Foundation\\Application->resolve('bugsnag.logger', Array)
#12 E:\\_CODING\\_develop\\tinel\\vendor\\laravel\\framework\\src\\Illuminate\\Foundation\\Application.php(781): Illuminate\\Container\\Container->make('bugsnag.logger', Array)
#13 E:\\_CODING\\_develop\\tinel\\vendor\\laravel\\framework\\src\\Illuminate\\Container\\Container.php(1284): Illuminate\\Foundation\\Application->make('bugsnag.logger')
#14 E:\\_CODING\\_develop\\tinel\\vendor\\bugsnag\\bugsnag-laravel\\src\\BugsnagServiceProvider.php(252): Illuminate\\Container\\Container->offsetGet('bugsnag.logger')
#15 E:\\_CODING\\_develop\\tinel\\vendor\\laravel\\framework\\src\\Illuminate\\Log\\LogManager.php(216): Illuminate\\Log\\LogManager->Bugsnag\\BugsnagLaravel\\{closure}(Object(Illuminate\\Foundation\\Application), Array)
#16 E:\\_CODING\\_develop\\tinel\\vendor\\laravel\\framework\\src\\Illuminate\\Log\\LogManager.php(196): Illuminate\\Log\\LogManager->callCustomCreator(Array)
#17 E:\\_CODING\\_develop\\tinel\\vendor\\laravel\\framework\\src\\Illuminate\\Log\\LogManager.php(118): Illuminate\\Log\\LogManager->resolve('bugsnag')
#18 E:\\_CODING\\_develop\\tinel\\vendor\\laravel\\framework\\src\\Illuminate\\Log\\LogManager.php(98): Illuminate\\Log\\LogManager->get('bugsnag')
#19 E:\\_CODING\\_develop\\tinel\\vendor\\laravel\\framework\\src\\Illuminate\\Log\\LogManager.php(87): Illuminate\\Log\\LogManager->driver('bugsnag')
#20 E:\\_CODING\\_develop\\tinel\\vendor\\laravel\\framework\\src\\Illuminate\\Log\\LogManager.php(241): Illuminate\\Log\\LogManager->channel('bugsnag')
#21 [internal function]: Illuminate\\Log\\LogManager->Illuminate\\Log\\{closure}('bugsnag', 1)
#22 E:\\_CODING\\_develop\\tinel\\vendor\\laravel\\framework\\src\\Illuminate\\Support\\Collection.php(638): array_map(Object(Closure), Array, Array)
#23 E:\\_CODING\\_develop\\tinel\\vendor\\laravel\\framework\\src\\Illuminate\\Support\\Traits\\EnumeratesValues.php(311): Illuminate\\Support\\Collection->map(Object(Closure))
#24 E:\\_CODING\\_develop\\tinel\\vendor\\laravel\\framework\\src\\Illuminate\\Log\\LogManager.php(242): Illuminate\\Support\\Collection->flatMap(Object(Closure))
#25 E:\\_CODING\\_develop\\tinel\\vendor\\laravel\\framework\\src\\Illuminate\\Log\\LogManager.php(202): Illuminate\\Log\\LogManager->createStackDriver(Array)
#26 E:\\_CODING\\_develop\\tinel\\vendor\\laravel\\framework\\src\\Illuminate\\Log\\LogManager.php(118): Illuminate\\Log\\LogManager->resolve('stack')
#27 E:\\_CODING\\_develop\\tinel\\vendor\\laravel\\framework\\src\\Illuminate\\Log\\LogManager.php(98): Illuminate\\Log\\LogManager->get('stack')
#28 E:\\_CODING\\_develop\\tinel\\vendor\\laravel\\framework\\src\\Illuminate\\Log\\LogManager.php(547): Illuminate\\Log\\LogManager->driver()
#29 E:\\_CODING\\_develop\\tinel\\vendor\\laravel\\framework\\src\\Illuminate\\Foundation\\Exceptions\\Handler.php(123): Illuminate\\Log\\LogManager->error('Please provide ...', Array)
#30 E:\\_CODING\\_develop\\tinel\\app\\Exceptions\\Handler.php(39): Illuminate\\Foundation\\Exceptions\\Handler->report(Object(InvalidArgumentException))
#31 E:\\_CODING\\_develop\\tinel\\vendor\\laravel\\framework\\src\\Illuminate\\Foundation\\Http\\Kernel.php(403): App\\Exceptions\\Handler->report(Object(InvalidArgumentException))
#32 E:\\_CODING\\_develop\\tinel\\vendor\\laravel\\framework\\src\\Illuminate\\Foundation\\Http\\Kernel.php(111): Illuminate\\Foundation\\Http\\Kernel->reportException(Object(InvalidArgumentException))
#33 E:\\_CODING\\_develop\\tinel\\public\\index.php(55): Illuminate\\Foundation\\Http\\Kernel->handle(Object(Illuminate\\Http\\Request))
#34 {main}
"} 
[2020-12-19 19:47:28] local.ERROR: Please provide a valid cache path. {"exception":"[object] (InvalidArgumentException(code: 0): Please provide a valid cache path. at E:\\_CODING\\_develop\\tinel\\vendor\\laravel\\framework\\src\\Illuminate\\View\\Compilers\\Compiler.php:36)
[stacktrace]
#0 E:\\_CODING\\_develop\\tinel\\vendor\\laravel\\framework\\src\\Illuminate\\View\\ViewServiceProvider.php(91): Illuminate\\View\\Compilers\\Compiler->__construct(Object(Illuminate\\Filesystem\\Filesystem), false)
#1 E:\\_CODING\\_develop\\tinel\\vendor\\laravel\\framework\\src\\Illuminate\\Container\\Container.php(805): Illuminate\\View\\ViewServiceProvider->Illuminate\\View\\{closure}(Object(Illuminate\\Foundation\\Application), Array)
#2 E:\\_CODING\\_develop\\tinel\\vendor\\laravel\\framework\\src\\Illuminate\\Container\\Container.php(691): Illuminate\\Container\\Container->build(Object(Closure))
#3 E:\\_CODING\\_develop\\tinel\\vendor\\laravel\\framework\\src\\Illuminate\\Foundation\\Application.php(796): Illuminate\\Container\\Container->resolve('blade.compiler', Array, true)
#4 E:\\_CODING\\_develop\\tinel\\vendor\\laravel\\framework\\src\\Illuminate\\Container\\Container.php(637): Illuminate\\Foundation\\Application->resolve('blade.compiler', Array)
#5 E:\\_CODING\\_develop\\tinel\\vendor\\laravel\\framework\\src\\Illuminate\\Foundation\\Application.php(781): Illuminate\\Container\\Container->make('blade.compiler', Array)
#6 E:\\_CODING\\_develop\\tinel\\vendor\\laravel\\framework\\src\\Illuminate\\Container\\Container.php(1284): Illuminate\\Foundation\\Application->make('blade.compiler')
#7 E:\\_CODING\\_develop\\tinel\\vendor\\laravel\\framework\\src\\Illuminate\\View\\ViewServiceProvider.php(151): Illuminate\\Container\\Container->offsetGet('blade.compiler')
#8 [internal function]: Illuminate\\View\\ViewServiceProvider->Illuminate\\View\\{closure}()
#9 E:\\_CODING\\_develop\\tinel\\vendor\\laravel\\framework\\src\\Illuminate\\View\\Engines\\EngineResolver.php(55): call_user_func(Object(Closure))
#10 E:\\_CODING\\_develop\\tinel\\vendor\\facade\\ignition\\src\\IgnitionServiceProvider.php(393): Illuminate\\View\\Engines\\EngineResolver->resolve('blade')
#11 E:\\_CODING\\_develop\\tinel\\vendor\\facade\\ignition\\src\\IgnitionServiceProvider.php(125): Facade\\Ignition\\IgnitionServiceProvider->hasCustomViewEnginesRegistered()
#12 E:\\_CODING\\_develop\\tinel\\vendor\\facade\\ignition\\src\\IgnitionServiceProvider.php(84): Facade\\Ignition\\IgnitionServiceProvider->registerViewEngines()
#13 E:\\_CODING\\_develop\\tinel\\vendor\\laravel\\framework\\src\\Illuminate\\Container\\BoundMethod.php(36): Facade\\Ignition\\IgnitionServiceProvider->boot()
#14 E:\\_CODING\\_develop\\tinel\\vendor\\laravel\\framework\\src\\Illuminate\\Container\\Util.php(37): Illuminate\\Container\\BoundMethod::Illuminate\\Container\\{closure}()
#15 E:\\_CODING\\_develop\\tinel\\vendor\\laravel\\framework\\src\\Illuminate\\Container\\BoundMethod.php(93): Illuminate\\Container\\Util::unwrapIfClosure(Object(Closure))
#16 E:\\_CODING\\_develop\\tinel\\vendor\\laravel\\framework\\src\\Illuminate\\Container\\BoundMethod.php(37): Illuminate\\Container\\BoundMethod::callBoundMethod(Object(Illuminate\\Foundation\\Application), Array, Object(Closure))
#17 E:\\_CODING\\_develop\\tinel\\vendor\\laravel\\framework\\src\\Illuminate\\Container\\Container.php(596): Illuminate\\Container\\BoundMethod::call(Object(Illuminate\\Foundation\\Application), Array, Array, NULL)
#18 E:\\_CODING\\_develop\\tinel\\vendor\\laravel\\framework\\src\\Illuminate\\Foundation\\Application.php(867): Illuminate\\Container\\Container->call(Array)
#19 E:\\_CODING\\_develop\\tinel\\vendor\\laravel\\framework\\src\\Illuminate\\Foundation\\Application.php(850): Illuminate\\Foundation\\Application->bootProvider(Object(Facade\\Ignition\\IgnitionServiceProvider))
#20 [internal function]: Illuminate\\Foundation\\Application->Illuminate\\Foundation\\{closure}(Object(Facade\\Ignition\\IgnitionServiceProvider), 14)
#21 E:\\_CODING\\_develop\\tinel\\vendor\\laravel\\framework\\src\\Illuminate\\Foundation\\Application.php(851): array_walk(Array, Object(Closure))
#22 E:\\_CODING\\_develop\\tinel\\vendor\\laravel\\framework\\src\\Illuminate\\Foundation\\Bootstrap\\BootProviders.php(17): Illuminate\\Foundation\\Application->boot()
#23 E:\\_CODING\\_develop\\tinel\\vendor\\laravel\\framework\\src\\Illuminate\\Foundation\\Application.php(230): Illuminate\\Foundation\\Bootstrap\\BootProviders->bootstrap(Object(Illuminate\\Foundation\\Application))
#24 E:\\_CODING\\_develop\\tinel\\vendor\\laravel\\framework\\src\\Illuminate\\Foundation\\Http\\Kernel.php(151): Illuminate\\Foundation\\Application->bootstrapWith(Array)
#25 E:\\_CODING\\_develop\\tinel\\vendor\\laravel\\framework\\src\\Illuminate\\Foundation\\Http\\Kernel.php(135): Illuminate\\Foundation\\Http\\Kernel->bootstrap()
#26 E:\\_CODING\\_develop\\tinel\\vendor\\laravel\\framework\\src\\Illuminate\\Foundation\\Http\\Kernel.php(109): Illuminate\\Foundation\\Http\\Kernel->sendRequestThroughRouter(Object(Illuminate\\Http\\Request))
#27 E:\\_CODING\\_develop\\tinel\\public\\index.php(55): Illuminate\\Foundation\\Http\\Kernel->handle(Object(Illuminate\\Http\\Request))
#28 {main}
"} 
[2020-12-19 19:47:28] local.ERROR: Please provide a valid cache path. {"exception":"[object] (InvalidArgumentException(code: 0): Please provide a valid cache path. at E:\\_CODING\\_develop\\tinel\\vendor\\laravel\\framework\\src\\Illuminate\\View\\Compilers\\Compiler.php:36)
[stacktrace]
#0 E:\\_CODING\\_develop\\tinel\\vendor\\laravel\\framework\\src\\Illuminate\\View\\ViewServiceProvider.php(91): Illuminate\\View\\Compilers\\Compiler->__construct(Object(Illuminate\\Filesystem\\Filesystem), false)
#1 E:\\_CODING\\_develop\\tinel\\vendor\\laravel\\framework\\src\\Illuminate\\Container\\Container.php(805): Illuminate\\View\\ViewServiceProvider->Illuminate\\View\\{closure}(Object(Illuminate\\Foundation\\Application), Array)
#2 E:\\_CODING\\_develop\\tinel\\vendor\\laravel\\framework\\src\\Illuminate\\Container\\Container.php(691): Illuminate\\Container\\Container->build(Object(Closure))
#3 E:\\_CODING\\_develop\\tinel\\vendor\\laravel\\framework\\src\\Illuminate\\Foundation\\Application.php(796): Illuminate\\Container\\Container->resolve('blade.compiler', Array, true)
#4 E:\\_CODING\\_develop\\tinel\\vendor\\laravel\\framework\\src\\Illuminate\\Container\\Container.php(637): Illuminate\\Foundation\\Application->resolve('blade.compiler', Array)
#5 E:\\_CODING\\_develop\\tinel\\vendor\\laravel\\framework\\src\\Illuminate\\Foundation\\Application.php(781): Illuminate\\Container\\Container->make('blade.compiler', Array)
#6 E:\\_CODING\\_develop\\tinel\\vendor\\laravel\\framework\\src\\Illuminate\\Container\\Container.php(1284): Illuminate\\Foundation\\Application->make('blade.compiler')
#7 E:\\_CODING\\_develop\\tinel\\vendor\\laravel\\framework\\src\\Illuminate\\View\\ViewServiceProvider.php(151): Illuminate\\Container\\Container->offsetGet('blade.compiler')
#8 [internal function]: Illuminate\\View\\ViewServiceProvider->Illuminate\\View\\{closure}()
#9 E:\\_CODING\\_develop\\tinel\\vendor\\laravel\\framework\\src\\Illuminate\\View\\Engines\\EngineResolver.php(55): call_user_func(Object(Closure))
#10 E:\\_CODING\\_develop\\tinel\\vendor\\facade\\ignition\\src\\IgnitionServiceProvider.php(393): Illuminate\\View\\Engines\\EngineResolver->resolve('blade')
#11 E:\\_CODING\\_develop\\tinel\\vendor\\facade\\ignition\\src\\IgnitionServiceProvider.php(125): Facade\\Ignition\\IgnitionServiceProvider->hasCustomViewEnginesRegistered()
#12 E:\\_CODING\\_develop\\tinel\\vendor\\facade\\ignition\\src\\IgnitionServiceProvider.php(84): Facade\\Ignition\\IgnitionServiceProvider->registerViewEngines()
#13 E:\\_CODING\\_develop\\tinel\\vendor\\laravel\\framework\\src\\Illuminate\\Container\\BoundMethod.php(36): Facade\\Ignition\\IgnitionServiceProvider->boot()
#14 E:\\_CODING\\_develop\\tinel\\vendor\\laravel\\framework\\src\\Illuminate\\Container\\Util.php(37): Illuminate\\Container\\BoundMethod::Illuminate\\Container\\{closure}()
#15 E:\\_CODING\\_develop\\tinel\\vendor\\laravel\\framework\\src\\Illuminate\\Container\\BoundMethod.php(93): Illuminate\\Container\\Util::unwrapIfClosure(Object(Closure))
#16 E:\\_CODING\\_develop\\tinel\\vendor\\laravel\\framework\\src\\Illuminate\\Container\\BoundMethod.php(37): Illuminate\\Container\\BoundMethod::callBoundMethod(Object(Illuminate\\Foundation\\Application), Array, Object(Closure))
#17 E:\\_CODING\\_develop\\tinel\\vendor\\laravel\\framework\\src\\Illuminate\\Container\\Container.php(596): Illuminate\\Container\\BoundMethod::call(Object(Illuminate\\Foundation\\Application), Array, Array, NULL)
#18 E:\\_CODING\\_develop\\tinel\\vendor\\laravel\\framework\\src\\Illuminate\\Foundation\\Application.php(867): Illuminate\\Container\\Container->call(Array)
#19 E:\\_CODING\\_develop\\tinel\\vendor\\laravel\\framework\\src\\Illuminate\\Foundation\\Application.php(850): Illuminate\\Foundation\\Application->bootProvider(Object(Facade\\Ignition\\IgnitionServiceProvider))
#20 [internal function]: Illuminate\\Foundation\\Application->Illuminate\\Foundation\\{closure}(Object(Facade\\Ignition\\IgnitionServiceProvider), 14)
#21 E:\\_CODING\\_develop\\tinel\\vendor\\laravel\\framework\\src\\Illuminate\\Foundation\\Application.php(851): array_walk(Array, Object(Closure))
#22 E:\\_CODING\\_develop\\tinel\\vendor\\laravel\\framework\\src\\Illuminate\\Foundation\\Bootstrap\\BootProviders.php(17): Illuminate\\Foundation\\Application->boot()
#23 E:\\_CODING\\_develop\\tinel\\vendor\\laravel\\framework\\src\\Illuminate\\Foundation\\Application.php(230): Illuminate\\Foundation\\Bootstrap\\BootProviders->bootstrap(Object(Illuminate\\Foundation\\Application))
#24 E:\\_CODING\\_develop\\tinel\\vendor\\laravel\\framework\\src\\Illuminate\\Foundation\\Http\\Kernel.php(151): Illuminate\\Foundation\\Application->bootstrapWith(Array)
#25 E:\\_CODING\\_develop\\tinel\\vendor\\laravel\\framework\\src\\Illuminate\\Foundation\\Http\\Kernel.php(135): Illuminate\\Foundation\\Http\\Kernel->bootstrap()
#26 E:\\_CODING\\_develop\\tinel\\vendor\\laravel\\framework\\src\\Illuminate\\Foundation\\Http\\Kernel.php(109): Illuminate\\Foundation\\Http\\Kernel->sendRequestThroughRouter(Object(Illuminate\\Http\\Request))
#27 E:\\_CODING\\_develop\\tinel\\public\\index.php(55): Illuminate\\Foundation\\Http\\Kernel->handle(Object(Illuminate\\Http\\Request))
#28 {main}
"} 
[2020-12-19 19:47:33] laravel.EMERGENCY: Unable to create configured logger. Using emergency logger. {"exception":"[object] (InvalidArgumentException(code: 0): Invalid API key at E:\\_CODING\\_develop\\tinel\\vendor\\bugsnag\\bugsnag\\src\\Configuration.php:167)
[stacktrace]
#0 E:\\_CODING\\_develop\\tinel\\vendor\\bugsnag\\bugsnag-laravel\\src\\BugsnagServiceProvider.php(186): Bugsnag\\Configuration->__construct(NULL)
#1 E:\\_CODING\\_develop\\tinel\\vendor\\laravel\\framework\\src\\Illuminate\\Container\\Container.php(805): Bugsnag\\BugsnagLaravel\\BugsnagServiceProvider->Bugsnag\\BugsnagLaravel\\{closure}(Object(Illuminate\\Foundation\\Application), Array)
#2 E:\\_CODING\\_develop\\tinel\\vendor\\laravel\\framework\\src\\Illuminate\\Container\\Container.php(691): Illuminate\\Container\\Container->build(Object(Closure))
#3 E:\\_CODING\\_develop\\tinel\\vendor\\laravel\\framework\\src\\Illuminate\\Foundation\\Application.php(796): Illuminate\\Container\\Container->resolve('bugsnag', Array, true)
#4 E:\\_CODING\\_develop\\tinel\\vendor\\laravel\\framework\\src\\Illuminate\\Container\\Container.php(637): Illuminate\\Foundation\\Application->resolve('bugsnag', Array)
#5 E:\\_CODING\\_develop\\tinel\\vendor\\laravel\\framework\\src\\Illuminate\\Foundation\\Application.php(781): Illuminate\\Container\\Container->make('bugsnag', Array)
#6 E:\\_CODING\\_develop\\tinel\\vendor\\laravel\\framework\\src\\Illuminate\\Container\\Container.php(1284): Illuminate\\Foundation\\Application->make('bugsnag')
#7 E:\\_CODING\\_develop\\tinel\\vendor\\bugsnag\\bugsnag-laravel\\src\\BugsnagServiceProvider.php(238): Illuminate\\Container\\Container->offsetGet('bugsnag')
#8 E:\\_CODING\\_develop\\tinel\\vendor\\laravel\\framework\\src\\Illuminate\\Container\\Container.php(805): Bugsnag\\BugsnagLaravel\\BugsnagServiceProvider->Bugsnag\\BugsnagLaravel\\{closure}(Object(Illuminate\\Foundation\\Application), Array)
#9 E:\\_CODING\\_develop\\tinel\\vendor\\laravel\\framework\\src\\Illuminate\\Container\\Container.php(691): Illuminate\\Container\\Container->build(Object(Closure))
#10 E:\\_CODING\\_develop\\tinel\\vendor\\laravel\\framework\\src\\Illuminate\\Foundation\\Application.php(796): Illuminate\\Container\\Container->resolve('bugsnag.logger', Array, true)
#11 E:\\_CODING\\_develop\\tinel\\vendor\\laravel\\framework\\src\\Illuminate\\Container\\Container.php(637): Illuminate\\Foundation\\Application->resolve('bugsnag.logger', Array)
#12 E:\\_CODING\\_develop\\tinel\\vendor\\laravel\\framework\\src\\Illuminate\\Foundation\\Application.php(781): Illuminate\\Container\\Container->make('bugsnag.logger', Array)
#13 E:\\_CODING\\_develop\\tinel\\vendor\\laravel\\framework\\src\\Illuminate\\Container\\Container.php(1284): Illuminate\\Foundation\\Application->make('bugsnag.logger')
#14 E:\\_CODING\\_develop\\tinel\\vendor\\bugsnag\\bugsnag-laravel\\src\\BugsnagServiceProvider.php(252): Illuminate\\Container\\Container->offsetGet('bugsnag.logger')
#15 E:\\_CODING\\_develop\\tinel\\vendor\\laravel\\framework\\src\\Illuminate\\Log\\LogManager.php(216): Illuminate\\Log\\LogManager->Bugsnag\\BugsnagLaravel\\{closure}(Object(Illuminate\\Foundation\\Application), Array)
#16 E:\\_CODING\\_develop\\tinel\\vendor\\laravel\\framework\\src\\Illuminate\\Log\\LogManager.php(196): Illuminate\\Log\\LogManager->callCustomCreator(Array)
#17 E:\\_CODING\\_develop\\tinel\\vendor\\laravel\\framework\\src\\Illuminate\\Log\\LogManager.php(118): Illuminate\\Log\\LogManager->resolve('bugsnag')
#18 E:\\_CODING\\_develop\\tinel\\vendor\\laravel\\framework\\src\\Illuminate\\Log\\LogManager.php(98): Illuminate\\Log\\LogManager->get('bugsnag')
#19 E:\\_CODING\\_develop\\tinel\\vendor\\laravel\\framework\\src\\Illuminate\\Log\\LogManager.php(87): Illuminate\\Log\\LogManager->driver('bugsnag')
#20 E:\\_CODING\\_develop\\tinel\\vendor\\laravel\\framework\\src\\Illuminate\\Log\\LogManager.php(241): Illuminate\\Log\\LogManager->channel('bugsnag')
#21 [internal function]: Illuminate\\Log\\LogManager->Illuminate\\Log\\{closure}('bugsnag', 1)
#22 E:\\_CODING\\_develop\\tinel\\vendor\\laravel\\framework\\src\\Illuminate\\Support\\Collection.php(638): array_map(Object(Closure), Array, Array)
#23 E:\\_CODING\\_develop\\tinel\\vendor\\laravel\\framework\\src\\Illuminate\\Support\\Traits\\EnumeratesValues.php(311): Illuminate\\Support\\Collection->map(Object(Closure))
#24 E:\\_CODING\\_develop\\tinel\\vendor\\laravel\\framework\\src\\Illuminate\\Log\\LogManager.php(242): Illuminate\\Support\\Collection->flatMap(Object(Closure))
#25 E:\\_CODING\\_develop\\tinel\\vendor\\laravel\\framework\\src\\Illuminate\\Log\\LogManager.php(202): Illuminate\\Log\\LogManager->createStackDriver(Array)
#26 E:\\_CODING\\_develop\\tinel\\vendor\\laravel\\framework\\src\\Illuminate\\Log\\LogManager.php(118): Illuminate\\Log\\LogManager->resolve('stack')
#27 E:\\_CODING\\_develop\\tinel\\vendor\\laravel\\framework\\src\\Illuminate\\Log\\LogManager.php(98): Illuminate\\Log\\LogManager->get('stack')
#28 E:\\_CODING\\_develop\\tinel\\vendor\\laravel\\framework\\src\\Illuminate\\Log\\LogManager.php(547): Illuminate\\Log\\LogManager->driver()
#29 E:\\_CODING\\_develop\\tinel\\vendor\\laravel\\framework\\src\\Illuminate\\Foundation\\Exceptions\\Handler.php(123): Illuminate\\Log\\LogManager->error('Please provide ...', Array)
#30 E:\\_CODING\\_develop\\tinel\\app\\Exceptions\\Handler.php(39): Illuminate\\Foundation\\Exceptions\\Handler->report(Object(InvalidArgumentException))
#31 E:\\_CODING\\_develop\\tinel\\vendor\\laravel\\framework\\src\\Illuminate\\Foundation\\Http\\Kernel.php(403): App\\Exceptions\\Handler->report(Object(InvalidArgumentException))
#32 E:\\_CODING\\_develop\\tinel\\vendor\\laravel\\framework\\src\\Illuminate\\Foundation\\Http\\Kernel.php(111): Illuminate\\Foundation\\Http\\Kernel->reportException(Object(InvalidArgumentException))
#33 E:\\_CODING\\_develop\\tinel\\public\\index.php(55): Illuminate\\Foundation\\Http\\Kernel->handle(Object(Illuminate\\Http\\Request))
#34 {main}
"} 
[2020-12-19 19:47:33] local.ERROR: Please provide a valid cache path. {"exception":"[object] (InvalidArgumentException(code: 0): Please provide a valid cache path. at E:\\_CODING\\_develop\\tinel\\vendor\\laravel\\framework\\src\\Illuminate\\View\\Compilers\\Compiler.php:36)
[stacktrace]
#0 E:\\_CODING\\_develop\\tinel\\vendor\\laravel\\framework\\src\\Illuminate\\View\\ViewServiceProvider.php(91): Illuminate\\View\\Compilers\\Compiler->__construct(Object(Illuminate\\Filesystem\\Filesystem), false)
#1 E:\\_CODING\\_develop\\tinel\\vendor\\laravel\\framework\\src\\Illuminate\\Container\\Container.php(805): Illuminate\\View\\ViewServiceProvider->Illuminate\\View\\{closure}(Object(Illuminate\\Foundation\\Application), Array)
#2 E:\\_CODING\\_develop\\tinel\\vendor\\laravel\\framework\\src\\Illuminate\\Container\\Container.php(691): Illuminate\\Container\\Container->build(Object(Closure))
#3 E:\\_CODING\\_develop\\tinel\\vendor\\laravel\\framework\\src\\Illuminate\\Foundation\\Application.php(796): Illuminate\\Container\\Container->resolve('blade.compiler', Array, true)
#4 E:\\_CODING\\_develop\\tinel\\vendor\\laravel\\framework\\src\\Illuminate\\Container\\Container.php(637): Illuminate\\Foundation\\Application->resolve('blade.compiler', Array)
#5 E:\\_CODING\\_develop\\tinel\\vendor\\laravel\\framework\\src\\Illuminate\\Foundation\\Application.php(781): Illuminate\\Container\\Container->make('blade.compiler', Array)
#6 E:\\_CODING\\_develop\\tinel\\vendor\\laravel\\framework\\src\\Illuminate\\Container\\Container.php(1284): Illuminate\\Foundation\\Application->make('blade.compiler')
#7 E:\\_CODING\\_develop\\tinel\\vendor\\laravel\\framework\\src\\Illuminate\\View\\ViewServiceProvider.php(151): Illuminate\\Container\\Container->offsetGet('blade.compiler')
#8 [internal function]: Illuminate\\View\\ViewServiceProvider->Illuminate\\View\\{closure}()
#9 E:\\_CODING\\_develop\\tinel\\vendor\\laravel\\framework\\src\\Illuminate\\View\\Engines\\EngineResolver.php(55): call_user_func(Object(Closure))
#10 E:\\_CODING\\_develop\\tinel\\vendor\\facade\\ignition\\src\\IgnitionServiceProvider.php(393): Illuminate\\View\\Engines\\EngineResolver->resolve('blade')
#11 E:\\_CODING\\_develop\\tinel\\vendor\\facade\\ignition\\src\\IgnitionServiceProvider.php(125): Facade\\Ignition\\IgnitionServiceProvider->hasCustomViewEnginesRegistered()
#12 E:\\_CODING\\_develop\\tinel\\vendor\\facade\\ignition\\src\\IgnitionServiceProvider.php(84): Facade\\Ignition\\IgnitionServiceProvider->registerViewEngines()
#13 E:\\_CODING\\_develop\\tinel\\vendor\\laravel\\framework\\src\\Illuminate\\Container\\BoundMethod.php(36): Facade\\Ignition\\IgnitionServiceProvider->boot()
#14 E:\\_CODING\\_develop\\tinel\\vendor\\laravel\\framework\\src\\Illuminate\\Container\\Util.php(37): Illuminate\\Container\\BoundMethod::Illuminate\\Container\\{closure}()
#15 E:\\_CODING\\_develop\\tinel\\vendor\\laravel\\framework\\src\\Illuminate\\Container\\BoundMethod.php(93): Illuminate\\Container\\Util::unwrapIfClosure(Object(Closure))
#16 E:\\_CODING\\_develop\\tinel\\vendor\\laravel\\framework\\src\\Illuminate\\Container\\BoundMethod.php(37): Illuminate\\Container\\BoundMethod::callBoundMethod(Object(Illuminate\\Foundation\\Application), Array, Object(Closure))
#17 E:\\_CODING\\_develop\\tinel\\vendor\\laravel\\framework\\src\\Illuminate\\Container\\Container.php(596): Illuminate\\Container\\BoundMethod::call(Object(Illuminate\\Foundation\\Application), Array, Array, NULL)
#18 E:\\_CODING\\_develop\\tinel\\vendor\\laravel\\framework\\src\\Illuminate\\Foundation\\Application.php(867): Illuminate\\Container\\Container->call(Array)
#19 E:\\_CODING\\_develop\\tinel\\vendor\\laravel\\framework\\src\\Illuminate\\Foundation\\Application.php(850): Illuminate\\Foundation\\Application->bootProvider(Object(Facade\\Ignition\\IgnitionServiceProvider))
#20 [internal function]: Illuminate\\Foundation\\Application->Illuminate\\Foundation\\{closure}(Object(Facade\\Ignition\\IgnitionServiceProvider), 14)
#21 E:\\_CODING\\_develop\\tinel\\vendor\\laravel\\framework\\src\\Illuminate\\Foundation\\Application.php(851): array_walk(Array, Object(Closure))
#22 E:\\_CODING\\_develop\\tinel\\vendor\\laravel\\framework\\src\\Illuminate\\Foundation\\Bootstrap\\BootProviders.php(17): Illuminate\\Foundation\\Application->boot()
#23 E:\\_CODING\\_develop\\tinel\\vendor\\laravel\\framework\\src\\Illuminate\\Foundation\\Application.php(230): Illuminate\\Foundation\\Bootstrap\\BootProviders->bootstrap(Object(Illuminate\\Foundation\\Application))
#24 E:\\_CODING\\_develop\\tinel\\vendor\\laravel\\framework\\src\\Illuminate\\Foundation\\Http\\Kernel.php(151): Illuminate\\Foundation\\Application->bootstrapWith(Array)
#25 E:\\_CODING\\_develop\\tinel\\vendor\\laravel\\framework\\src\\Illuminate\\Foundation\\Http\\Kernel.php(135): Illuminate\\Foundation\\Http\\Kernel->bootstrap()
#26 E:\\_CODING\\_develop\\tinel\\vendor\\laravel\\framework\\src\\Illuminate\\Foundation\\Http\\Kernel.php(109): Illuminate\\Foundation\\Http\\Kernel->sendRequestThroughRouter(Object(Illuminate\\Http\\Request))
#27 E:\\_CODING\\_develop\\tinel\\public\\index.php(55): Illuminate\\Foundation\\Http\\Kernel->handle(Object(Illuminate\\Http\\Request))
#28 {main}
"} 
[2020-12-19 19:47:33] local.ERROR: Please provide a valid cache path. {"exception":"[object] (InvalidArgumentException(code: 0): Please provide a valid cache path. at E:\\_CODING\\_develop\\tinel\\vendor\\laravel\\framework\\src\\Illuminate\\View\\Compilers\\Compiler.php:36)
[stacktrace]
#0 E:\\_CODING\\_develop\\tinel\\vendor\\laravel\\framework\\src\\Illuminate\\View\\ViewServiceProvider.php(91): Illuminate\\View\\Compilers\\Compiler->__construct(Object(Illuminate\\Filesystem\\Filesystem), false)
#1 E:\\_CODING\\_develop\\tinel\\vendor\\laravel\\framework\\src\\Illuminate\\Container\\Container.php(805): Illuminate\\View\\ViewServiceProvider->Illuminate\\View\\{closure}(Object(Illuminate\\Foundation\\Application), Array)
#2 E:\\_CODING\\_develop\\tinel\\vendor\\laravel\\framework\\src\\Illuminate\\Container\\Container.php(691): Illuminate\\Container\\Container->build(Object(Closure))
#3 E:\\_CODING\\_develop\\tinel\\vendor\\laravel\\framework\\src\\Illuminate\\Foundation\\Application.php(796): Illuminate\\Container\\Container->resolve('blade.compiler', Array, true)
#4 E:\\_CODING\\_develop\\tinel\\vendor\\laravel\\framework\\src\\Illuminate\\Container\\Container.php(637): Illuminate\\Foundation\\Application->resolve('blade.compiler', Array)
#5 E:\\_CODING\\_develop\\tinel\\vendor\\laravel\\framework\\src\\Illuminate\\Foundation\\Application.php(781): Illuminate\\Container\\Container->make('blade.compiler', Array)
#6 E:\\_CODING\\_develop\\tinel\\vendor\\laravel\\framework\\src\\Illuminate\\Container\\Container.php(1284): Illuminate\\Foundation\\Application->make('blade.compiler')
#7 E:\\_CODING\\_develop\\tinel\\vendor\\laravel\\framework\\src\\Illuminate\\View\\ViewServiceProvider.php(151): Illuminate\\Container\\Container->offsetGet('blade.compiler')
#8 [internal function]: Illuminate\\View\\ViewServiceProvider->Illuminate\\View\\{closure}()
#9 E:\\_CODING\\_develop\\tinel\\vendor\\laravel\\framework\\src\\Illuminate\\View\\Engines\\EngineResolver.php(55): call_user_func(Object(Closure))
#10 E:\\_CODING\\_develop\\tinel\\vendor\\facade\\ignition\\src\\IgnitionServiceProvider.php(393): Illuminate\\View\\Engines\\EngineResolver->resolve('blade')
#11 E:\\_CODING\\_develop\\tinel\\vendor\\facade\\ignition\\src\\IgnitionServiceProvider.php(125): Facade\\Ignition\\IgnitionServiceProvider->hasCustomViewEnginesRegistered()
#12 E:\\_CODING\\_develop\\tinel\\vendor\\facade\\ignition\\src\\IgnitionServiceProvider.php(84): Facade\\Ignition\\IgnitionServiceProvider->registerViewEngines()
#13 E:\\_CODING\\_develop\\tinel\\vendor\\laravel\\framework\\src\\Illuminate\\Container\\BoundMethod.php(36): Facade\\Ignition\\IgnitionServiceProvider->boot()
#14 E:\\_CODING\\_develop\\tinel\\vendor\\laravel\\framework\\src\\Illuminate\\Container\\Util.php(37): Illuminate\\Container\\BoundMethod::Illuminate\\Container\\{closure}()
#15 E:\\_CODING\\_develop\\tinel\\vendor\\laravel\\framework\\src\\Illuminate\\Container\\BoundMethod.php(93): Illuminate\\Container\\Util::unwrapIfClosure(Object(Closure))
#16 E:\\_CODING\\_develop\\tinel\\vendor\\laravel\\framework\\src\\Illuminate\\Container\\BoundMethod.php(37): Illuminate\\Container\\BoundMethod::callBoundMethod(Object(Illuminate\\Foundation\\Application), Array, Object(Closure))
#17 E:\\_CODING\\_develop\\tinel\\vendor\\laravel\\framework\\src\\Illuminate\\Container\\Container.php(596): Illuminate\\Container\\BoundMethod::call(Object(Illuminate\\Foundation\\Application), Array, Array, NULL)
#18 E:\\_CODING\\_develop\\tinel\\vendor\\laravel\\framework\\src\\Illuminate\\Foundation\\Application.php(867): Illuminate\\Container\\Container->call(Array)
#19 E:\\_CODING\\_develop\\tinel\\vendor\\laravel\\framework\\src\\Illuminate\\Foundation\\Application.php(850): Illuminate\\Foundation\\Application->bootProvider(Object(Facade\\Ignition\\IgnitionServiceProvider))
#20 [internal function]: Illuminate\\Foundation\\Application->Illuminate\\Foundation\\{closure}(Object(Facade\\Ignition\\IgnitionServiceProvider), 14)
#21 E:\\_CODING\\_develop\\tinel\\vendor\\laravel\\framework\\src\\Illuminate\\Foundation\\Application.php(851): array_walk(Array, Object(Closure))
#22 E:\\_CODING\\_develop\\tinel\\vendor\\laravel\\framework\\src\\Illuminate\\Foundation\\Bootstrap\\BootProviders.php(17): Illuminate\\Foundation\\Application->boot()
#23 E:\\_CODING\\_develop\\tinel\\vendor\\laravel\\framework\\src\\Illuminate\\Foundation\\Application.php(230): Illuminate\\Foundation\\Bootstrap\\BootProviders->bootstrap(Object(Illuminate\\Foundation\\Application))
#24 E:\\_CODING\\_develop\\tinel\\vendor\\laravel\\framework\\src\\Illuminate\\Foundation\\Http\\Kernel.php(151): Illuminate\\Foundation\\Application->bootstrapWith(Array)
#25 E:\\_CODING\\_develop\\tinel\\vendor\\laravel\\framework\\src\\Illuminate\\Foundation\\Http\\Kernel.php(135): Illuminate\\Foundation\\Http\\Kernel->bootstrap()
#26 E:\\_CODING\\_develop\\tinel\\vendor\\laravel\\framework\\src\\Illuminate\\Foundation\\Http\\Kernel.php(109): Illuminate\\Foundation\\Http\\Kernel->sendRequestThroughRouter(Object(Illuminate\\Http\\Request))
#27 E:\\_CODING\\_develop\\tinel\\public\\index.php(55): Illuminate\\Foundation\\Http\\Kernel->handle(Object(Illuminate\\Http\\Request))
#28 {main}
"} 
[2020-12-19 19:48:09] laravel.EMERGENCY: Unable to create configured logger. Using emergency logger. {"exception":"[object] (InvalidArgumentException(code: 0): Invalid API key at E:\\_CODING\\_develop\\tinel\\vendor\\bugsnag\\bugsnag\\src\\Configuration.php:167)
[stacktrace]
#0 E:\\_CODING\\_develop\\tinel\\vendor\\bugsnag\\bugsnag-laravel\\src\\BugsnagServiceProvider.php(186): Bugsnag\\Configuration->__construct(NULL)
#1 E:\\_CODING\\_develop\\tinel\\vendor\\laravel\\framework\\src\\Illuminate\\Container\\Container.php(805): Bugsnag\\BugsnagLaravel\\BugsnagServiceProvider->Bugsnag\\BugsnagLaravel\\{closure}(Object(Illuminate\\Foundation\\Application), Array)
#2 E:\\_CODING\\_develop\\tinel\\vendor\\laravel\\framework\\src\\Illuminate\\Container\\Container.php(691): Illuminate\\Container\\Container->build(Object(Closure))
#3 E:\\_CODING\\_develop\\tinel\\vendor\\laravel\\framework\\src\\Illuminate\\Foundation\\Application.php(796): Illuminate\\Container\\Container->resolve('bugsnag', Array, true)
#4 E:\\_CODING\\_develop\\tinel\\vendor\\laravel\\framework\\src\\Illuminate\\Container\\Container.php(637): Illuminate\\Foundation\\Application->resolve('bugsnag', Array)
#5 E:\\_CODING\\_develop\\tinel\\vendor\\laravel\\framework\\src\\Illuminate\\Foundation\\Application.php(781): Illuminate\\Container\\Container->make('bugsnag', Array)
#6 E:\\_CODING\\_develop\\tinel\\vendor\\laravel\\framework\\src\\Illuminate\\Container\\Container.php(1284): Illuminate\\Foundation\\Application->make('bugsnag')
#7 E:\\_CODING\\_develop\\tinel\\vendor\\bugsnag\\bugsnag-laravel\\src\\BugsnagServiceProvider.php(238): Illuminate\\Container\\Container->offsetGet('bugsnag')
#8 E:\\_CODING\\_develop\\tinel\\vendor\\laravel\\framework\\src\\Illuminate\\Container\\Container.php(805): Bugsnag\\BugsnagLaravel\\BugsnagServiceProvider->Bugsnag\\BugsnagLaravel\\{closure}(Object(Illuminate\\Foundation\\Application), Array)
#9 E:\\_CODING\\_develop\\tinel\\vendor\\laravel\\framework\\src\\Illuminate\\Container\\Container.php(691): Illuminate\\Container\\Container->build(Object(Closure))
#10 E:\\_CODING\\_develop\\tinel\\vendor\\laravel\\framework\\src\\Illuminate\\Foundation\\Application.php(796): Illuminate\\Container\\Container->resolve('bugsnag.logger', Array, true)
#11 E:\\_CODING\\_develop\\tinel\\vendor\\laravel\\framework\\src\\Illuminate\\Container\\Container.php(637): Illuminate\\Foundation\\Application->resolve('bugsnag.logger', Array)
#12 E:\\_CODING\\_develop\\tinel\\vendor\\laravel\\framework\\src\\Illuminate\\Foundation\\Application.php(781): Illuminate\\Container\\Container->make('bugsnag.logger', Array)
#13 E:\\_CODING\\_develop\\tinel\\vendor\\laravel\\framework\\src\\Illuminate\\Container\\Container.php(1284): Illuminate\\Foundation\\Application->make('bugsnag.logger')
#14 E:\\_CODING\\_develop\\tinel\\vendor\\bugsnag\\bugsnag-laravel\\src\\BugsnagServiceProvider.php(252): Illuminate\\Container\\Container->offsetGet('bugsnag.logger')
#15 E:\\_CODING\\_develop\\tinel\\vendor\\laravel\\framework\\src\\Illuminate\\Log\\LogManager.php(216): Illuminate\\Log\\LogManager->Bugsnag\\BugsnagLaravel\\{closure}(Object(Illuminate\\Foundation\\Application), Array)
#16 E:\\_CODING\\_develop\\tinel\\vendor\\laravel\\framework\\src\\Illuminate\\Log\\LogManager.php(196): Illuminate\\Log\\LogManager->callCustomCreator(Array)
#17 E:\\_CODING\\_develop\\tinel\\vendor\\laravel\\framework\\src\\Illuminate\\Log\\LogManager.php(118): Illuminate\\Log\\LogManager->resolve('bugsnag')
#18 E:\\_CODING\\_develop\\tinel\\vendor\\laravel\\framework\\src\\Illuminate\\Log\\LogManager.php(98): Illuminate\\Log\\LogManager->get('bugsnag')
#19 E:\\_CODING\\_develop\\tinel\\vendor\\laravel\\framework\\src\\Illuminate\\Log\\LogManager.php(87): Illuminate\\Log\\LogManager->driver('bugsnag')
#20 E:\\_CODING\\_develop\\tinel\\vendor\\laravel\\framework\\src\\Illuminate\\Log\\LogManager.php(241): Illuminate\\Log\\LogManager->channel('bugsnag')
#21 [internal function]: Illuminate\\Log\\LogManager->Illuminate\\Log\\{closure}('bugsnag', 1)
#22 E:\\_CODING\\_develop\\tinel\\vendor\\laravel\\framework\\src\\Illuminate\\Support\\Collection.php(638): array_map(Object(Closure), Array, Array)
#23 E:\\_CODING\\_develop\\tinel\\vendor\\laravel\\framework\\src\\Illuminate\\Support\\Traits\\EnumeratesValues.php(311): Illuminate\\Support\\Collection->map(Object(Closure))
#24 E:\\_CODING\\_develop\\tinel\\vendor\\laravel\\framework\\src\\Illuminate\\Log\\LogManager.php(242): Illuminate\\Support\\Collection->flatMap(Object(Closure))
#25 E:\\_CODING\\_develop\\tinel\\vendor\\laravel\\framework\\src\\Illuminate\\Log\\LogManager.php(202): Illuminate\\Log\\LogManager->createStackDriver(Array)
#26 E:\\_CODING\\_develop\\tinel\\vendor\\laravel\\framework\\src\\Illuminate\\Log\\LogManager.php(118): Illuminate\\Log\\LogManager->resolve('stack')
#27 E:\\_CODING\\_develop\\tinel\\vendor\\laravel\\framework\\src\\Illuminate\\Log\\LogManager.php(98): Illuminate\\Log\\LogManager->get('stack')
#28 E:\\_CODING\\_develop\\tinel\\vendor\\laravel\\framework\\src\\Illuminate\\Log\\LogManager.php(547): Illuminate\\Log\\LogManager->driver()
#29 E:\\_CODING\\_develop\\tinel\\vendor\\laravel\\framework\\src\\Illuminate\\Foundation\\Exceptions\\Handler.php(123): Illuminate\\Log\\LogManager->error('Please provide ...', Array)
#30 E:\\_CODING\\_develop\\tinel\\app\\Exceptions\\Handler.php(39): Illuminate\\Foundation\\Exceptions\\Handler->report(Object(InvalidArgumentException))
#31 E:\\_CODING\\_develop\\tinel\\vendor\
unomaduro\\collision\\src\\Adapters\\Laravel\\ExceptionHandler.php(57): App\\Exceptions\\Handler->report(Object(InvalidArgumentException))
#32 E:\\_CODING\\_develop\\tinel\\vendor\\laravel\\framework\\src\\Illuminate\\Foundation\\Console\\Kernel.php(366): NunoMaduro\\Collision\\Adapters\\Laravel\\ExceptionHandler->report(Object(InvalidArgumentException))
#33 E:\\_CODING\\_develop\\tinel\\vendor\\laravel\\framework\\src\\Illuminate\\Foundation\\Console\\Kernel.php(131): Illuminate\\Foundation\\Console\\Kernel->reportException(Object(InvalidArgumentException))
#34 E:\\_CODING\\_develop\\tinel\\artisan(37): Illuminate\\Foundation\\Console\\Kernel->handle(Object(Symfony\\Component\\Console\\Input\\ArgvInput), Object(Symfony\\Component\\Console\\Output\\ConsoleOutput))
#35 {main}
"} 
[2020-12-19 19:48:09] local.ERROR: Please provide a valid cache path. {"exception":"[object] (InvalidArgumentException(code: 0): Please provide a valid cache path. at E:\\_CODING\\_develop\\tinel\\vendor\\laravel\\framework\\src\\Illuminate\\View\\Compilers\\Compiler.php:36)
[stacktrace]
#0 E:\\_CODING\\_develop\\tinel\\vendor\\laravel\\framework\\src\\Illuminate\\View\\ViewServiceProvider.php(91): Illuminate\\View\\Compilers\\Compiler->__construct(Object(Illuminate\\Filesystem\\Filesystem), false)
#1 E:\\_CODING\\_develop\\tinel\\vendor\\laravel\\framework\\src\\Illuminate\\Container\\Container.php(805): Illuminate\\View\\ViewServiceProvider->Illuminate\\View\\{closure}(Object(Illuminate\\Foundation\\Application), Array)
#2 E:\\_CODING\\_develop\\tinel\\vendor\\laravel\\framework\\src\\Illuminate\\Container\\Container.php(691): Illuminate\\Container\\Container->build(Object(Closure))
#3 E:\\_CODING\\_develop\\tinel\\vendor\\laravel\\framework\\src\\Illuminate\\Foundation\\Application.php(796): Illuminate\\Container\\Container->resolve('blade.compiler', Array, true)
#4 E:\\_CODING\\_develop\\tinel\\vendor\\laravel\\framework\\src\\Illuminate\\Container\\Container.php(637): Illuminate\\Foundation\\Application->resolve('blade.compiler', Array)
#5 E:\\_CODING\\_develop\\tinel\\vendor\\laravel\\framework\\src\\Illuminate\\Foundation\\Application.php(781): Illuminate\\Container\\Container->make('blade.compiler', Array)
#6 E:\\_CODING\\_develop\\tinel\\vendor\\laravel\\framework\\src\\Illuminate\\Container\\Container.php(1284): Illuminate\\Foundation\\Application->make('blade.compiler')
#7 E:\\_CODING\\_develop\\tinel\\vendor\\laravel\\framework\\src\\Illuminate\\View\\ViewServiceProvider.php(151): Illuminate\\Container\\Container->offsetGet('blade.compiler')
#8 [internal function]: Illuminate\\View\\ViewServiceProvider->Illuminate\\View\\{closure}()
#9 E:\\_CODING\\_develop\\tinel\\vendor\\laravel\\framework\\src\\Illuminate\\View\\Engines\\EngineResolver.php(55): call_user_func(Object(Closure))
#10 E:\\_CODING\\_develop\\tinel\\vendor\\facade\\ignition\\src\\IgnitionServiceProvider.php(393): Illuminate\\View\\Engines\\EngineResolver->resolve('blade')
#11 E:\\_CODING\\_develop\\tinel\\vendor\\facade\\ignition\\src\\IgnitionServiceProvider.php(125): Facade\\Ignition\\IgnitionServiceProvider->hasCustomViewEnginesRegistered()
#12 E:\\_CODING\\_develop\\tinel\\vendor\\facade\\ignition\\src\\IgnitionServiceProvider.php(84): Facade\\Ignition\\IgnitionServiceProvider->registerViewEngines()
#13 E:\\_CODING\\_develop\\tinel\\vendor\\laravel\\framework\\src\\Illuminate\\Container\\BoundMethod.php(36): Facade\\Ignition\\IgnitionServiceProvider->boot()
#14 E:\\_CODING\\_develop\\tinel\\vendor\\laravel\\framework\\src\\Illuminate\\Container\\Util.php(37): Illuminate\\Container\\BoundMethod::Illuminate\\Container\\{closure}()
#15 E:\\_CODING\\_develop\\tinel\\vendor\\laravel\\framework\\src\\Illuminate\\Container\\BoundMethod.php(93): Illuminate\\Container\\Util::unwrapIfClosure(Object(Closure))
#16 E:\\_CODING\\_develop\\tinel\\vendor\\laravel\\framework\\src\\Illuminate\\Container\\BoundMethod.php(37): Illuminate\\Container\\BoundMethod::callBoundMethod(Object(Illuminate\\Foundation\\Application), Array, Object(Closure))
#17 E:\\_CODING\\_develop\\tinel\\vendor\\laravel\\framework\\src\\Illuminate\\Container\\Container.php(596): Illuminate\\Container\\BoundMethod::call(Object(Illuminate\\Foundation\\Application), Array, Array, NULL)
#18 E:\\_CODING\\_develop\\tinel\\vendor\\laravel\\framework\\src\\Illuminate\\Foundation\\Application.php(867): Illuminate\\Container\\Container->call(Array)
#19 E:\\_CODING\\_develop\\tinel\\vendor\\laravel\\framework\\src\\Illuminate\\Foundation\\Application.php(850): Illuminate\\Foundation\\Application->bootProvider(Object(Facade\\Ignition\\IgnitionServiceProvider))
#20 [internal function]: Illuminate\\Foundation\\Application->Illuminate\\Foundation\\{closure}(Object(Facade\\Ignition\\IgnitionServiceProvider), 14)
#21 E:\\_CODING\\_develop\\tinel\\vendor\\laravel\\framework\\src\\Illuminate\\Foundation\\Application.php(851): array_walk(Array, Object(Closure))
#22 E:\\_CODING\\_develop\\tinel\\vendor\\laravel\\framework\\src\\Illuminate\\Foundation\\Bootstrap\\BootProviders.php(17): Illuminate\\Foundation\\Application->boot()
#23 E:\\_CODING\\_develop\\tinel\\vendor\\laravel\\framework\\src\\Illuminate\\Foundation\\Application.php(230): Illuminate\\Foundation\\Bootstrap\\BootProviders->bootstrap(Object(Illuminate\\Foundation\\Application))
#24 E:\\_CODING\\_develop\\tinel\\vendor\\laravel\\framework\\src\\Illuminate\\Foundation\\Console\\Kernel.php(310): Illuminate\\Foundation\\Application->bootstrapWith(Array)
#25 E:\\_CODING\\_develop\\tinel\\vendor\\laravel\\framework\\src\\Illuminate\\Foundation\\Console\\Kernel.php(127): Illuminate\\Foundation\\Console\\Kernel->bootstrap()
#26 E:\\_CODING\\_develop\\tinel\\artisan(37): Illuminate\\Foundation\\Console\\Kernel->handle(Object(Symfony\\Component\\Console\\Input\\ArgvInput), Object(Symfony\\Component\\Console\\Output\\ConsoleOutput))
#27 {main}
"} 
[2020-12-19 19:48:09] local.ERROR: Please provide a valid cache path. {"exception":"[object] (InvalidArgumentException(code: 0): Please provide a valid cache path. at E:\\_CODING\\_develop\\tinel\\vendor\\laravel\\framework\\src\\Illuminate\\View\\Compilers\\Compiler.php:36)
[stacktrace]
#0 E:\\_CODING\\_develop\\tinel\\vendor\\laravel\\framework\\src\\Illuminate\\View\\ViewServiceProvider.php(91): Illuminate\\View\\Compilers\\Compiler->__construct(Object(Illuminate\\Filesystem\\Filesystem), false)
#1 E:\\_CODING\\_develop\\tinel\\vendor\\laravel\\framework\\src\\Illuminate\\Container\\Container.php(805): Illuminate\\View\\ViewServiceProvider->Illuminate\\View\\{closure}(Object(Illuminate\\Foundation\\Application), Array)
#2 E:\\_CODING\\_develop\\tinel\\vendor\\laravel\\framework\\src\\Illuminate\\Container\\Container.php(691): Illuminate\\Container\\Container->build(Object(Closure))
#3 E:\\_CODING\\_develop\\tinel\\vendor\\laravel\\framework\\src\\Illuminate\\Foundation\\Application.php(796): Illuminate\\Container\\Container->resolve('blade.compiler', Array, true)
#4 E:\\_CODING\\_develop\\tinel\\vendor\\laravel\\framework\\src\\Illuminate\\Container\\Container.php(637): Illuminate\\Foundation\\Application->resolve('blade.compiler', Array)
#5 E:\\_CODING\\_develop\\tinel\\vendor\\laravel\\framework\\src\\Illuminate\\Foundation\\Application.php(781): Illuminate\\Container\\Container->make('blade.compiler', Array)
#6 E:\\_CODING\\_develop\\tinel\\vendor\\laravel\\framework\\src\\Illuminate\\Container\\Container.php(1284): Illuminate\\Foundation\\Application->make('blade.compiler')
#7 E:\\_CODING\\_develop\\tinel\\vendor\\laravel\\framework\\src\\Illuminate\\View\\ViewServiceProvider.php(151): Illuminate\\Container\\Container->offsetGet('blade.compiler')
#8 [internal function]: Illuminate\\View\\ViewServiceProvider->Illuminate\\View\\{closure}()
#9 E:\\_CODING\\_develop\\tinel\\vendor\\laravel\\framework\\src\\Illuminate\\View\\Engines\\EngineResolver.php(55): call_user_func(Object(Closure))
#10 E:\\_CODING\\_develop\\tinel\\vendor\\facade\\ignition\\src\\IgnitionServiceProvider.php(393): Illuminate\\View\\Engines\\EngineResolver->resolve('blade')
#11 E:\\_CODING\\_develop\\tinel\\vendor\\facade\\ignition\\src\\IgnitionServiceProvider.php(125): Facade\\Ignition\\IgnitionServiceProvider->hasCustomViewEnginesRegistered()
#12 E:\\_CODING\\_develop\\tinel\\vendor\\facade\\ignition\\src\\IgnitionServiceProvider.php(84): Facade\\Ignition\\IgnitionServiceProvider->registerViewEngines()
#13 E:\\_CODING\\_develop\\tinel\\vendor\\laravel\\framework\\src\\Illuminate\\Container\\BoundMethod.php(36): Facade\\Ignition\\IgnitionServiceProvider->boot()
#14 E:\\_CODING\\_develop\\tinel\\vendor\\laravel\\framework\\src\\Illuminate\\Container\\Util.php(37): Illuminate\\Container\\BoundMethod::Illuminate\\Container\\{closure}()
#15 E:\\_CODING\\_develop\\tinel\\vendor\\laravel\\framework\\src\\Illuminate\\Container\\BoundMethod.php(93): Illuminate\\Container\\Util::unwrapIfClosure(Object(Closure))
#16 E:\\_CODING\\_develop\\tinel\\vendor\\laravel\\framework\\src\\Illuminate\\Container\\BoundMethod.php(37): Illuminate\\Container\\BoundMethod::callBoundMethod(Object(Illuminate\\Foundation\\Application), Array, Object(Closure))
#17 E:\\_CODING\\_develop\\tinel\\vendor\\laravel\\framework\\src\\Illuminate\\Container\\Container.php(596): Illuminate\\Container\\BoundMethod::call(Object(Illuminate\\Foundation\\Application), Array, Array, NULL)
#18 E:\\_CODING\\_develop\\tinel\\vendor\\laravel\\framework\\src\\Illuminate\\Foundation\\Application.php(867): Illuminate\\Container\\Container->call(Array)
#19 E:\\_CODING\\_develop\\tinel\\vendor\\laravel\\framework\\src\\Illuminate\\Foundation\\Application.php(850): Illuminate\\Foundation\\Application->bootProvider(Object(Facade\\Ignition\\IgnitionServiceProvider))
#20 [internal function]: Illuminate\\Foundation\\Application->Illuminate\\Foundation\\{closure}(Object(Facade\\Ignition\\IgnitionServiceProvider), 14)
#21 E:\\_CODING\\_develop\\tinel\\vendor\\laravel\\framework\\src\\Illuminate\\Foundation\\Application.php(851): array_walk(Array, Object(Closure))
#22 E:\\_CODING\\_develop\\tinel\\vendor\\laravel\\framework\\src\\Illuminate\\Foundation\\Bootstrap\\BootProviders.php(17): Illuminate\\Foundation\\Application->boot()
#23 E:\\_CODING\\_develop\\tinel\\vendor\\laravel\\framework\\src\\Illuminate\\Foundation\\Application.php(230): Illuminate\\Foundation\\Bootstrap\\BootProviders->bootstrap(Object(Illuminate\\Foundation\\Application))
#24 E:\\_CODING\\_develop\\tinel\\vendor\\laravel\\framework\\src\\Illuminate\\Foundation\\Console\\Kernel.php(310): Illuminate\\Foundation\\Application->bootstrapWith(Array)
#25 E:\\_CODING\\_develop\\tinel\\vendor\\laravel\\framework\\src\\Illuminate\\Foundation\\Console\\Kernel.php(127): Illuminate\\Foundation\\Console\\Kernel->bootstrap()
#26 E:\\_CODING\\_develop\\tinel\\artisan(37): Illuminate\\Foundation\\Console\\Kernel->handle(Object(Symfony\\Component\\Console\\Input\\ArgvInput), Object(Symfony\\Component\\Console\\Output\\ConsoleOutput))
#27 {main}
"} 
[2020-12-19 21:16:46] local.ERROR: Failed to authenticate on SMTP server with username "e.learning2020.alpastechonology@gmail.com" using 3 possible authenticators. Authenticator LOGIN returned Expected response code 235 but got code "535", with message "535-5.7.8 Username and Password not accepted. Learn more at
535 5.7.8  https://support.google.com/mail/?p=BadCredentials z2sm799063pgl.49 - gsmtp
". Authenticator PLAIN returned Expected response code 235 but got code "535", with message "535-5.7.8 Username and Password not accepted. Learn more at
535 5.7.8  https://support.google.com/mail/?p=BadCredentials z2sm799063pgl.49 - gsmtp
". Authenticator XOAUTH2 returned Expected response code 250 but got code "535", with message "535-5.7.8 Username and Password not accepted. Learn more at
535 5.7.8  https://support.google.com/mail/?p=BadCredentials z2sm799063pgl.49 - gsmtp
". {"exception":"[object] (Swift_TransportException(code: 0): Failed to authenticate on SMTP server with username \"e.learning2020.alpastechonology@gmail.com\" using 3 possible authenticators. Authenticator LOGIN returned Expected response code 235 but got code \"535\", with message \"535-5.7.8 Username and Password not accepted. Learn more at
535 5.7.8  https://support.google.com/mail/?p=BadCredentials z2sm799063pgl.49 - gsmtp
\". Authenticator PLAIN returned Expected response code 235 but got code \"535\", with message \"535-5.7.8 Username and Password not accepted. Learn more at
535 5.7.8  https://support.google.com/mail/?p=BadCredentials z2sm799063pgl.49 - gsmtp
\". Authenticator XOAUTH2 returned Expected response code 250 but got code \"535\", with message \"535-5.7.8 Username and Password not accepted. Learn more at
535 5.7.8  https://support.google.com/mail/?p=BadCredentials z2sm799063pgl.49 - gsmtp
\". at E:\\_CODING\\_develop\\tinel\\vendor\\swiftmailer\\swiftmailer\\lib\\classes\\Swift\\Transport\\Esmtp\\AuthHandler.php:191)
[stacktrace]
#0 E:\\_CODING\\_develop\\tinel\\vendor\\swiftmailer\\swiftmailer\\lib\\classes\\Swift\\Transport\\EsmtpTransport.php(371): Swift_Transport_Esmtp_AuthHandler->afterEhlo(Object(Swift_SmtpTransport))
#1 E:\\_CODING\\_develop\\tinel\\vendor\\swiftmailer\\swiftmailer\\lib\\classes\\Swift\\Transport\\AbstractSmtpTransport.php(148): Swift_Transport_EsmtpTransport->doHeloCommand()
#2 E:\\_CODING\\_develop\\tinel\\vendor\\swiftmailer\\swiftmailer\\lib\\classes\\Swift\\Mailer.php(65): Swift_Transport_AbstractSmtpTransport->start()
#3 E:\\_CODING\\_develop\\tinel\\vendor\\laravel\\framework\\src\\Illuminate\\Mail\\Mailer.php(521): Swift_Mailer->send(Object(Swift_Message), Array)
#4 E:\\_CODING\\_develop\\tinel\\vendor\\laravel\\framework\\src\\Illuminate\\Mail\\Mailer.php(288): Illuminate\\Mail\\Mailer->sendSwiftMessage(Object(Swift_Message))
#5 E:\\_CODING\\_develop\\tinel\\vendor\\laravel\\framework\\src\\Illuminate\\Mail\\Mailable.php(177): Illuminate\\Mail\\Mailer->send(Object(Illuminate\\Support\\HtmlString), Array, Object(Closure))
#6 E:\\_CODING\\_develop\\tinel\\vendor\\laravel\\framework\\src\\Illuminate\\Support\\Traits\\Localizable.php(19): Illuminate\\Mail\\Mailable->Illuminate\\Mail\\{closure}()
#7 E:\\_CODING\\_develop\\tinel\\vendor\\laravel\\framework\\src\\Illuminate\\Mail\\Mailable.php(178): Illuminate\\Mail\\Mailable->withLocale(NULL, Object(Closure))
#8 E:\\_CODING\\_develop\\tinel\\vendor\\laravel\\framework\\src\\Illuminate\\Mail\\SendQueuedMailable.php(52): Illuminate\\Mail\\Mailable->send(Object(Illuminate\\Mail\\MailManager))
#9 E:\\_CODING\\_develop\\tinel\\vendor\\laravel\\framework\\src\\Illuminate\\Container\\BoundMethod.php(36): Illuminate\\Mail\\SendQueuedMailable->handle(Object(Illuminate\\Mail\\MailManager))
#10 E:\\_CODING\\_develop\\tinel\\vendor\\laravel\\framework\\src\\Illuminate\\Container\\Util.php(37): Illuminate\\Container\\BoundMethod::Illuminate\\Container\\{closure}()
#11 E:\\_CODING\\_develop\\tinel\\vendor\\laravel\\framework\\src\\Illuminate\\Container\\BoundMethod.php(93): Illuminate\\Container\\Util::unwrapIfClosure(Object(Closure))
#12 E:\\_CODING\\_develop\\tinel\\vendor\\laravel\\framework\\src\\Illuminate\\Container\\BoundMethod.php(37): Illuminate\\Container\\BoundMethod::callBoundMethod(Object(Illuminate\\Foundation\\Application), Array, Object(Closure))
#13 E:\\_CODING\\_develop\\tinel\\vendor\\laravel\\framework\\src\\Illuminate\\Container\\Container.php(596): Illuminate\\Container\\BoundMethod::call(Object(Illuminate\\Foundation\\Application), Array, Array, NULL)
#14 E:\\_CODING\\_develop\\tinel\\vendor\\laravel\\framework\\src\\Illuminate\\Bus\\Dispatcher.php(94): Illuminate\\Container\\Container->call(Array)
#15 E:\\_CODING\\_develop\\tinel\\vendor\\laravel\\framework\\src\\Illuminate\\Pipeline\\Pipeline.php(128): Illuminate\\Bus\\Dispatcher->Illuminate\\Bus\\{closure}(Object(Illuminate\\Mail\\SendQueuedMailable))
#16 E:\\_CODING\\_develop\\tinel\\vendor\\laravel\\framework\\src\\Illuminate\\Pipeline\\Pipeline.php(103): Illuminate\\Pipeline\\Pipeline->Illuminate\\Pipeline\\{closure}(Object(Illuminate\\Mail\\SendQueuedMailable))
#17 E:\\_CODING\\_develop\\tinel\\vendor\\laravel\\framework\\src\\Illuminate\\Bus\\Dispatcher.php(98): Illuminate\\Pipeline\\Pipeline->then(Object(Closure))
#18 E:\\_CODING\\_develop\\tinel\\vendor\\laravel\\framework\\src\\Illuminate\\Queue\\CallQueuedHandler.php(83): Illuminate\\Bus\\Dispatcher->dispatchNow(Object(Illuminate\\Mail\\SendQueuedMailable), false)
#19 E:\\_CODING\\_develop\\tinel\\vendor\\laravel\\framework\\src\\Illuminate\\Pipeline\\Pipeline.php(128): Illuminate\\Queue\\CallQueuedHandler->Illuminate\\Queue\\{closure}(Object(Illuminate\\Mail\\SendQueuedMailable))
#20 E:\\_CODING\\_develop\\tinel\\vendor\\laravel\\framework\\src\\Illuminate\\Pipeline\\Pipeline.php(103): Illuminate\\Pipeline\\Pipeline->Illuminate\\Pipeline\\{closure}(Object(Illuminate\\Mail\\SendQueuedMailable))
#21 E:\\_CODING\\_develop\\tinel\\vendor\\laravel\\framework\\src\\Illuminate\\Queue\\CallQueuedHandler.php(85): Illuminate\\Pipeline\\Pipeline->then(Object(Closure))
#22 E:\\_CODING\\_develop\\tinel\\vendor\\laravel\\framework\\src\\Illuminate\\Queue\\CallQueuedHandler.php(59): Illuminate\\Queue\\CallQueuedHandler->dispatchThroughMiddleware(Object(Illuminate\\Queue\\Jobs\\SyncJob), Object(Illuminate\\Mail\\SendQueuedMailable))
#23 E:\\_CODING\\_develop\\tinel\\vendor\\laravel\\framework\\src\\Illuminate\\Queue\\Jobs\\Job.php(98): Illuminate\\Queue\\CallQueuedHandler->call(Object(Illuminate\\Queue\\Jobs\\SyncJob), Array)
#24 E:\\_CODING\\_develop\\tinel\\vendor\\laravel\\framework\\src\\Illuminate\\Queue\\SyncQueue.php(43): Illuminate\\Queue\\Jobs\\Job->fire()
#25 E:\\_CODING\\_develop\\tinel\\vendor\\laravel\\framework\\src\\Illuminate\\Queue\\Queue.php(46): Illuminate\\Queue\\SyncQueue->push(Object(Illuminate\\Mail\\SendQueuedMailable), '', NULL)
#26 E:\\_CODING\\_develop\\tinel\\vendor\\laravel\\framework\\src\\Illuminate\\Mail\\Mailable.php(198): Illuminate\\Queue\\Queue->pushOn(NULL, Object(Illuminate\\Mail\\SendQueuedMailable))
#27 E:\\_CODING\\_develop\\tinel\\vendor\\laravel\\framework\\src\\Illuminate\\Mail\\Mailer.php(417): Illuminate\\Mail\\Mailable->queue(Object(Illuminate\\Queue\\QueueManager))
#28 E:\\_CODING\\_develop\\tinel\\vendor\\laravel\\framework\\src\\Illuminate\\Mail\\PendingMail.php(145): Illuminate\\Mail\\Mailer->queue(Object(App\\Mail\\UserCreated))
#29 E:\\_CODING\\_develop\\tinel\\app\\Http\\Controllers\\Auth\\RegisterController.php(166): Illuminate\\Mail\\PendingMail->queue(Object(App\\Mail\\UserCreated))
#30 E:\\_CODING\\_develop\\tinel\\app\\Http\\Controllers\\Auth\\RegisterController.php(108): App\\Http\\Controllers\\Auth\\RegisterController->registered(Object(Illuminate\\Http\\Request), Object(App\\User))
#31 E:\\_CODING\\_develop\\tinel\\vendor\\laravel\\framework\\src\\Illuminate\\Routing\\Controller.php(54): App\\Http\\Controllers\\Auth\\RegisterController->register(Object(Illuminate\\Http\\Request))
#32 E:\\_CODING\\_develop\\tinel\\vendor\\laravel\\framework\\src\\Illuminate\\Routing\\ControllerDispatcher.php(45): Illuminate\\Routing\\Controller->callAction('register', Array)
#33 E:\\_CODING\\_develop\\tinel\\vendor\\laravel\\framework\\src\\Illuminate\\Routing\\Route.php(239): Illuminate\\Routing\\ControllerDispatcher->dispatch(Object(Illuminate\\Routing\\Route), Object(App\\Http\\Controllers\\Auth\\RegisterController), 'register')
#34 E:\\_CODING\\_develop\\tinel\\vendor\\laravel\\framework\\src\\Illuminate\\Routing\\Route.php(196): Illuminate\\Routing\\Route->runController()
#35 E:\\_CODING\\_develop\\tinel\\vendor\\laravel\\framework\\src\\Illuminate\\Routing\\Router.php(685): Illuminate\\Routing\\Route->run()
#36 E:\\_CODING\\_develop\\tinel\\vendor\\laravel\\framework\\src\\Illuminate\\Pipeline\\Pipeline.php(128): Illuminate\\Routing\\Router->Illuminate\\Routing\\{closure}(Object(Illuminate\\Http\\Request))
#37 E:\\_CODING\\_develop\\tinel\\app\\Http\\Middleware\\RedirectIfAuthenticated.php(25): Illuminate\\Pipeline\\Pipeline->Illuminate\\Pipeline\\{closure}(Object(Illuminate\\Http\\Request))
#38 E:\\_CODING\\_develop\\tinel\\vendor\\laravel\\framework\\src\\Illuminate\\Pipeline\\Pipeline.php(167): App\\Http\\Middleware\\RedirectIfAuthenticated->handle(Object(Illuminate\\Http\\Request), Object(Closure))
#39 E:\\_CODING\\_develop\\tinel\\app\\Http\\Middleware\\Language.php(27): Illuminate\\Pipeline\\Pipeline->Illuminate\\Pipeline\\{closure}(Object(Illuminate\\Http\\Request))
#40 E:\\_CODING\\_develop\\tinel\\vendor\\laravel\\framework\\src\\Illuminate\\Pipeline\\Pipeline.php(167): App\\Http\\Middleware\\Language->handle(Object(Illuminate\\Http\\Request), Object(Closure))
#41 E:\\_CODING\\_develop\\tinel\\vendor\\laravel\\framework\\src\\Illuminate\\Routing\\Middleware\\SubstituteBindings.php(41): Illuminate\\Pipeline\\Pipeline->Illuminate\\Pipeline\\{closure}(Object(Illuminate\\Http\\Request))
#42 E:\\_CODING\\_develop\\tinel\\vendor\\laravel\\framework\\src\\Illuminate\\Pipeline\\Pipeline.php(167): Illuminate\\Routing\\Middleware\\SubstituteBindings->handle(Object(Illuminate\\Http\\Request), Object(Closure))
#43 E:\\_CODING\\_develop\\tinel\\vendor\\laravel\\framework\\src\\Illuminate\\Foundation\\Http\\Middleware\\VerifyCsrfToken.php(77): Illuminate\\Pipeline\\Pipeline->Illuminate\\Pipeline\\{closure}(Object(Illuminate\\Http\\Request))
#44 E:\\_CODING\\_develop\\tinel\\vendor\\laravel\\framework\\src\\Illuminate\\Pipeline\\Pipeline.php(167): Illuminate\\Foundation\\Http\\Middleware\\VerifyCsrfToken->handle(Object(Illuminate\\Http\\Request), Object(Closure))
#45 E:\\_CODING\\_develop\\tinel\\vendor\\laravel\\framework\\src\\Illuminate\\Session\\Middleware\\AuthenticateSession.php(39): Illuminate\\Pipeline\\Pipeline->Illuminate\\Pipeline\\{closure}(Object(Illuminate\\Http\\Request))
#46 E:\\_CODING\\_develop\\tinel\\vendor\\laravel\\framework\\src\\Illuminate\\Pipeline\\Pipeline.php(167): Illuminate\\Session\\Middleware\\AuthenticateSession->handle(Object(Illuminate\\Http\\Request), Object(Closure))
#47 E:\\_CODING\\_develop\\tinel\\vendor\\laravel\\framework\\src\\Illuminate\\View\\Middleware\\ShareErrorsFromSession.php(49): Illuminate\\Pipeline\\Pipeline->Illuminate\\Pipeline\\{closure}(Object(Illuminate\\Http\\Request))
#48 E:\\_CODING\\_develop\\tinel\\vendor\\laravel\\framework\\src\\Illuminate\\Pipeline\\Pipeline.php(167): Illuminate\\View\\Middleware\\ShareErrorsFromSession->handle(Object(Illuminate\\Http\\Request), Object(Closure))
#49 E:\\_CODING\\_develop\\tinel\\vendor\\laravel\\framework\\src\\Illuminate\\Session\\Middleware\\StartSession.php(116): Illuminate\\Pipeline\\Pipeline->Illuminate\\Pipeline\\{closure}(Object(Illuminate\\Http\\Request))
#50 E:\\_CODING\\_develop\\tinel\\vendor\\laravel\\framework\\src\\Illuminate\\Session\\Middleware\\StartSession.php(62): Illuminate\\Session\\Middleware\\StartSession->handleStatefulRequest(Object(Illuminate\\Http\\Request), Object(Illuminate\\Session\\Store), Object(Closure))
#51 E:\\_CODING\\_develop\\tinel\\vendor\\laravel\\framework\\src\\Illuminate\\Pipeline\\Pipeline.php(167): Illuminate\\Session\\Middleware\\StartSession->handle(Object(Illuminate\\Http\\Request), Object(Closure))
#52 E:\\_CODING\\_develop\\tinel\\vendor\\laravel\\framework\\src\\Illuminate\\Cookie\\Middleware\\AddQueuedCookiesToResponse.php(37): Illuminate\\Pipeline\\Pipeline->Illuminate\\Pipeline\\{closure}(Object(Illuminate\\Http\\Request))
#53 E:\\_CODING\\_develop\\tinel\\vendor\\laravel\\framework\\src\\Illuminate\\Pipeline\\Pipeline.php(167): Illuminate\\Cookie\\Middleware\\AddQueuedCookiesToResponse->handle(Object(Illuminate\\Http\\Request), Object(Closure))
#54 E:\\_CODING\\_develop\\tinel\\vendor\\laravel\\framework\\src\\Illuminate\\Cookie\\Middleware\\EncryptCookies.php(67): Illuminate\\Pipeline\\Pipeline->Illuminate\\Pipeline\\{closure}(Object(Illuminate\\Http\\Request))
#55 E:\\_CODING\\_develop\\tinel\\vendor\\laravel\\framework\\src\\Illuminate\\Pipeline\\Pipeline.php(167): Illuminate\\Cookie\\Middleware\\EncryptCookies->handle(Object(Illuminate\\Http\\Request), Object(Closure))
#56 E:\\_CODING\\_develop\\tinel\\vendor\\stancl\\tenancy\\src\\Middleware\\PreventAccessFromTenantDomains.php(55): Illuminate\\Pipeline\\Pipeline->Illuminate\\Pipeline\\{closure}(Object(Illuminate\\Http\\Request))
#57 E:\\_CODING\\_develop\\tinel\\vendor\\laravel\\framework\\src\\Illuminate\\Pipeline\\Pipeline.php(167): Stancl\\Tenancy\\Middleware\\PreventAccessFromTenantDomains->handle(Object(Illuminate\\Http\\Request), Object(Closure))
#58 E:\\_CODING\\_develop\\tinel\\vendor\\laravel\\framework\\src\\Illuminate\\Pipeline\\Pipeline.php(103): Illuminate\\Pipeline\\Pipeline->Illuminate\\Pipeline\\{closure}(Object(Illuminate\\Http\\Request))
#59 E:\\_CODING\\_develop\\tinel\\vendor\\laravel\\framework\\src\\Illuminate\\Routing\\Router.php(687): Illuminate\\Pipeline\\Pipeline->then(Object(Closure))
#60 E:\\_CODING\\_develop\\tinel\\vendor\\laravel\\framework\\src\\Illuminate\\Routing\\Router.php(662): Illuminate\\Routing\\Router->runRouteWithinStack(Object(Illuminate\\Routing\\Route), Object(Illuminate\\Http\\Request))
#61 E:\\_CODING\\_develop\\tinel\\vendor\\laravel\\framework\\src\\Illuminate\\Routing\\Router.php(628): Illuminate\\Routing\\Router->runRoute(Object(Illuminate\\Http\\Request), Object(Illuminate\\Routing\\Route))
#62 E:\\_CODING\\_develop\\tinel\\vendor\\laravel\\framework\\src\\Illuminate\\Routing\\Router.php(617): Illuminate\\Routing\\Router->dispatchToRoute(Object(Illuminate\\Http\\Request))
#63 E:\\_CODING\\_develop\\tinel\\vendor\\laravel\\framework\\src\\Illuminate\\Foundation\\Http\\Kernel.php(165): Illuminate\\Routing\\Router->dispatch(Object(Illuminate\\Http\\Request))
#64 E:\\_CODING\\_develop\\tinel\\vendor\\laravel\\framework\\src\\Illuminate\\Pipeline\\Pipeline.php(128): Illuminate\\Foundation\\Http\\Kernel->Illuminate\\Foundation\\Http\\{closure}(Object(Illuminate\\Http\\Request))
#65 E:\\_CODING\\_develop\\tinel\\vendor\\laravel\\framework\\src\\Illuminate\\Foundation\\Http\\Middleware\\TransformsRequest.php(21): Illuminate\\Pipeline\\Pipeline->Illuminate\\Pipeline\\{closure}(Object(Illuminate\\Http\\Request))
#66 E:\\_CODING\\_develop\\tinel\\vendor\\laravel\\framework\\src\\Illuminate\\Pipeline\\Pipeline.php(167): Illuminate\\Foundation\\Http\\Middleware\\TransformsRequest->handle(Object(Illuminate\\Http\\Request), Object(Closure))
#67 E:\\_CODING\\_develop\\tinel\\vendor\\laravel\\framework\\src\\Illuminate\\Foundation\\Http\\Middleware\\TransformsRequest.php(21): Illuminate\\Pipeline\\Pipeline->Illuminate\\Pipeline\\{closure}(Object(Illuminate\\Http\\Request))
#68 E:\\_CODING\\_develop\\tinel\\vendor\\laravel\\framework\\src\\Illuminate\\Pipeline\\Pipeline.php(167): Illuminate\\Foundation\\Http\\Middleware\\TransformsRequest->handle(Object(Illuminate\\Http\\Request), Object(Closure))
#69 E:\\_CODING\\_develop\\tinel\\vendor\\laravel\\framework\\src\\Illuminate\\Foundation\\Http\\Middleware\\ValidatePostSize.php(27): Illuminate\\Pipeline\\Pipeline->Illuminate\\Pipeline\\{closure}(Object(Illuminate\\Http\\Request))
#70 E:\\_CODING\\_develop\\tinel\\vendor\\laravel\\framework\\src\\Illuminate\\Pipeline\\Pipeline.php(167): Illuminate\\Foundation\\Http\\Middleware\\ValidatePostSize->handle(Object(Illuminate\\Http\\Request), Object(Closure))
#71 E:\\_CODING\\_develop\\tinel\\vendor\\laravel\\framework\\src\\Illuminate\\Foundation\\Http\\Middleware\\CheckForMaintenanceMode.php(63): Illuminate\\Pipeline\\Pipeline->Illuminate\\Pipeline\\{closure}(Object(Illuminate\\Http\\Request))
#72 E:\\_CODING\\_develop\\tinel\\vendor\\laravel\\framework\\src\\Illuminate\\Pipeline\\Pipeline.php(167): Illuminate\\Foundation\\Http\\Middleware\\CheckForMaintenanceMode->handle(Object(Illuminate\\Http\\Request), Object(Closure))
#73 E:\\_CODING\\_develop\\tinel\\vendor\\fruitcake\\laravel-cors\\src\\HandleCors.php(37): Illuminate\\Pipeline\\Pipeline->Illuminate\\Pipeline\\{closure}(Object(Illuminate\\Http\\Request))
#74 E:\\_CODING\\_develop\\tinel\\vendor\\laravel\\framework\\src\\Illuminate\\Pipeline\\Pipeline.php(167): Fruitcake\\Cors\\HandleCors->handle(Object(Illuminate\\Http\\Request), Object(Closure))
#75 E:\\_CODING\\_develop\\tinel\\vendor\\fideloper\\proxy\\src\\TrustProxies.php(57): Illuminate\\Pipeline\\Pipeline->Illuminate\\Pipeline\\{closure}(Object(Illuminate\\Http\\Request))
#76 E:\\_CODING\\_develop\\tinel\\vendor\\laravel\\framework\\src\\Illuminate\\Pipeline\\Pipeline.php(167): Fideloper\\Proxy\\TrustProxies->handle(Object(Illuminate\\Http\\Request), Object(Closure))
#77 E:\\_CODING\\_develop\\tinel\\vendor\\stancl\\tenancy\\src\\Middleware\\InitializeTenancy.php(43): Illuminate\\Pipeline\\Pipeline->Illuminate\\Pipeline\\{closure}(Object(Illuminate\\Http\\Request))
#78 E:\\_CODING\\_develop\\tinel\\vendor\\laravel\\framework\\src\\Illuminate\\Pipeline\\Pipeline.php(167): Stancl\\Tenancy\\Middleware\\InitializeTenancy->handle(Object(Illuminate\\Http\\Request), Object(Closure))
#79 E:\\_CODING\\_develop\\tinel\\vendor\\laravel\\framework\\src\\Illuminate\\Pipeline\\Pipeline.php(103): Illuminate\\Pipeline\\Pipeline->Illuminate\\Pipeline\\{closure}(Object(Illuminate\\Http\\Request))
#80 E:\\_CODING\\_develop\\tinel\\vendor\\laravel\\framework\\src\\Illuminate\\Foundation\\Http\\Kernel.php(140): Illuminate\\Pipeline\\Pipeline->then(Object(Closure))
#81 E:\\_CODING\\_develop\\tinel\\vendor\\laravel\\framework\\src\\Illuminate\\Foundation\\Http\\Kernel.php(109): Illuminate\\Foundation\\Http\\Kernel->sendRequestThroughRouter(Object(Illuminate\\Http\\Request))
#82 E:\\_CODING\\_develop\\tinel\\public\\index.php(55): Illuminate\\Foundation\\Http\\Kernel->handle(Object(Illuminate\\Http\\Request))
#83 {main}
"} 
[2020-12-19 21:33:56] local.ERROR: Cannot send message without a sender address {"exception":"[object] (Swift_TransportException(code: 0): Cannot send message without a sender address at E:\\_CODING\\_develop\\tinel\\vendor\\swiftmailer\\swiftmailer\\lib\\classes\\Swift\\Transport\\AbstractSmtpTransport.php:195)
[stacktrace]
#0 E:\\_CODING\\_develop\\tinel\\vendor\\swiftmailer\\swiftmailer\\lib\\classes\\Swift\\Mailer.php(71): Swift_Transport_AbstractSmtpTransport->send(Object(Swift_Message), Array)
#1 E:\\_CODING\\_develop\\tinel\\vendor\\laravel\\framework\\src\\Illuminate\\Mail\\Mailer.php(521): Swift_Mailer->send(Object(Swift_Message), Array)
#2 E:\\_CODING\\_develop\\tinel\\vendor\\laravel\\framework\\src\\Illuminate\\Mail\\Mailer.php(288): Illuminate\\Mail\\Mailer->sendSwiftMessage(Object(Swift_Message))
#3 E:\\_CODING\\_develop\\tinel\\vendor\\laravel\\framework\\src\\Illuminate\\Mail\\Mailable.php(177): Illuminate\\Mail\\Mailer->send(Object(Illuminate\\Support\\HtmlString), Array, Object(Closure))
#4 E:\\_CODING\\_develop\\tinel\\vendor\\laravel\\framework\\src\\Illuminate\\Support\\Traits\\Localizable.php(19): Illuminate\\Mail\\Mailable->Illuminate\\Mail\\{closure}()
#5 E:\\_CODING\\_develop\\tinel\\vendor\\laravel\\framework\\src\\Illuminate\\Mail\\Mailable.php(178): Illuminate\\Mail\\Mailable->withLocale(NULL, Object(Closure))
#6 E:\\_CODING\\_develop\\tinel\\vendor\\laravel\\framework\\src\\Illuminate\\Mail\\SendQueuedMailable.php(52): Illuminate\\Mail\\Mailable->send(Object(Illuminate\\Mail\\MailManager))
#7 E:\\_CODING\\_develop\\tinel\\vendor\\laravel\\framework\\src\\Illuminate\\Container\\BoundMethod.php(36): Illuminate\\Mail\\SendQueuedMailable->handle(Object(Illuminate\\Mail\\MailManager))
#8 E:\\_CODING\\_develop\\tinel\\vendor\\laravel\\framework\\src\\Illuminate\\Container\\Util.php(37): Illuminate\\Container\\BoundMethod::Illuminate\\Container\\{closure}()
#9 E:\\_CODING\\_develop\\tinel\\vendor\\laravel\\framework\\src\\Illuminate\\Container\\BoundMethod.php(93): Illuminate\\Container\\Util::unwrapIfClosure(Object(Closure))
#10 E:\\_CODING\\_develop\\tinel\\vendor\\laravel\\framework\\src\\Illuminate\\Container\\BoundMethod.php(37): Illuminate\\Container\\BoundMethod::callBoundMethod(Object(Illuminate\\Foundation\\Application), Array, Object(Closure))
#11 E:\\_CODING\\_develop\\tinel\\vendor\\laravel\\framework\\src\\Illuminate\\Container\\Container.php(596): Illuminate\\Container\\BoundMethod::call(Object(Illuminate\\Foundation\\Application), Array, Array, NULL)
#12 E:\\_CODING\\_develop\\tinel\\vendor\\laravel\\framework\\src\\Illuminate\\Bus\\Dispatcher.php(94): Illuminate\\Container\\Container->call(Array)
#13 E:\\_CODING\\_develop\\tinel\\vendor\\laravel\\framework\\src\\Illuminate\\Pipeline\\Pipeline.php(128): Illuminate\\Bus\\Dispatcher->Illuminate\\Bus\\{closure}(Object(Illuminate\\Mail\\SendQueuedMailable))
#14 E:\\_CODING\\_develop\\tinel\\vendor\\laravel\\framework\\src\\Illuminate\\Pipeline\\Pipeline.php(103): Illuminate\\Pipeline\\Pipeline->Illuminate\\Pipeline\\{closure}(Object(Illuminate\\Mail\\SendQueuedMailable))
#15 E:\\_CODING\\_develop\\tinel\\vendor\\laravel\\framework\\src\\Illuminate\\Bus\\Dispatcher.php(98): Illuminate\\Pipeline\\Pipeline->then(Object(Closure))
#16 E:\\_CODING\\_develop\\tinel\\vendor\\laravel\\framework\\src\\Illuminate\\Queue\\CallQueuedHandler.php(83): Illuminate\\Bus\\Dispatcher->dispatchNow(Object(Illuminate\\Mail\\SendQueuedMailable), false)
#17 E:\\_CODING\\_develop\\tinel\\vendor\\laravel\\framework\\src\\Illuminate\\Pipeline\\Pipeline.php(128): Illuminate\\Queue\\CallQueuedHandler->Illuminate\\Queue\\{closure}(Object(Illuminate\\Mail\\SendQueuedMailable))
#18 E:\\_CODING\\_develop\\tinel\\vendor\\laravel\\framework\\src\\Illuminate\\Pipeline\\Pipeline.php(103): Illuminate\\Pipeline\\Pipeline->Illuminate\\Pipeline\\{closure}(Object(Illuminate\\Mail\\SendQueuedMailable))
#19 E:\\_CODING\\_develop\\tinel\\vendor\\laravel\\framework\\src\\Illuminate\\Queue\\CallQueuedHandler.php(85): Illuminate\\Pipeline\\Pipeline->then(Object(Closure))
#20 E:\\_CODING\\_develop\\tinel\\vendor\\laravel\\framework\\src\\Illuminate\\Queue\\CallQueuedHandler.php(59): Illuminate\\Queue\\CallQueuedHandler->dispatchThroughMiddleware(Object(Illuminate\\Queue\\Jobs\\SyncJob), Object(Illuminate\\Mail\\SendQueuedMailable))
#21 E:\\_CODING\\_develop\\tinel\\vendor\\laravel\\framework\\src\\Illuminate\\Queue\\Jobs\\Job.php(98): Illuminate\\Queue\\CallQueuedHandler->call(Object(Illuminate\\Queue\\Jobs\\SyncJob), Array)
#22 E:\\_CODING\\_develop\\tinel\\vendor\\laravel\\framework\\src\\Illuminate\\Queue\\SyncQueue.php(43): Illuminate\\Queue\\Jobs\\Job->fire()
#23 E:\\_CODING\\_develop\\tinel\\vendor\\laravel\\framework\\src\\Illuminate\\Queue\\Queue.php(46): Illuminate\\Queue\\SyncQueue->push(Object(Illuminate\\Mail\\SendQueuedMailable), '', NULL)
#24 E:\\_CODING\\_develop\\tinel\\vendor\\laravel\\framework\\src\\Illuminate\\Mail\\Mailable.php(198): Illuminate\\Queue\\Queue->pushOn(NULL, Object(Illuminate\\Mail\\SendQueuedMailable))
#25 E:\\_CODING\\_develop\\tinel\\vendor\\laravel\\framework\\src\\Illuminate\\Mail\\Mailer.php(417): Illuminate\\Mail\\Mailable->queue(Object(Illuminate\\Queue\\QueueManager))
#26 E:\\_CODING\\_develop\\tinel\\vendor\\laravel\\framework\\src\\Illuminate\\Mail\\PendingMail.php(145): Illuminate\\Mail\\Mailer->queue(Object(App\\Mail\\UserCreated))
#27 E:\\_CODING\\_develop\\tinel\\app\\Http\\Controllers\\Auth\\RegisterController.php(166): Illuminate\\Mail\\PendingMail->queue(Object(App\\Mail\\UserCreated))
#28 E:\\_CODING\\_develop\\tinel\\app\\Http\\Controllers\\Auth\\RegisterController.php(108): App\\Http\\Controllers\\Auth\\RegisterController->registered(Object(Illuminate\\Http\\Request), Object(App\\User))
#29 E:\\_CODING\\_develop\\tinel\\vendor\\laravel\\framework\\src\\Illuminate\\Routing\\Controller.php(54): App\\Http\\Controllers\\Auth\\RegisterController->register(Object(Illuminate\\Http\\Request))
#30 E:\\_CODING\\_develop\\tinel\\vendor\\laravel\\framework\\src\\Illuminate\\Routing\\ControllerDispatcher.php(45): Illuminate\\Routing\\Controller->callAction('register', Array)
#31 E:\\_CODING\\_develop\\tinel\\vendor\\laravel\\framework\\src\\Illuminate\\Routing\\Route.php(239): Illuminate\\Routing\\ControllerDispatcher->dispatch(Object(Illuminate\\Routing\\Route), Object(App\\Http\\Controllers\\Auth\\RegisterController), 'register')
#32 E:\\_CODING\\_develop\\tinel\\vendor\\laravel\\framework\\src\\Illuminate\\Routing\\Route.php(196): Illuminate\\Routing\\Route->runController()
#33 E:\\_CODING\\_develop\\tinel\\vendor\\laravel\\framework\\src\\Illuminate\\Routing\\Router.php(685): Illuminate\\Routing\\Route->run()
#34 E:\\_CODING\\_develop\\tinel\\vendor\\laravel\\framework\\src\\Illuminate\\Pipeline\\Pipeline.php(128): Illuminate\\Routing\\Router->Illuminate\\Routing\\{closure}(Object(Illuminate\\Http\\Request))
#35 E:\\_CODING\\_develop\\tinel\\app\\Http\\Middleware\\RedirectIfAuthenticated.php(25): Illuminate\\Pipeline\\Pipeline->Illuminate\\Pipeline\\{closure}(Object(Illuminate\\Http\\Request))
#36 E:\\_CODING\\_develop\\tinel\\vendor\\laravel\\framework\\src\\Illuminate\\Pipeline\\Pipeline.php(167): App\\Http\\Middleware\\RedirectIfAuthenticated->handle(Object(Illuminate\\Http\\Request), Object(Closure))
#37 E:\\_CODING\\_develop\\tinel\\app\\Http\\Middleware\\Language.php(27): Illuminate\\Pipeline\\Pipeline->Illuminate\\Pipeline\\{closure}(Object(Illuminate\\Http\\Request))
#38 E:\\_CODING\\_develop\\tinel\\vendor\\laravel\\framework\\src\\Illuminate\\Pipeline\\Pipeline.php(167): App\\Http\\Middleware\\Language->handle(Object(Illuminate\\Http\\Request), Object(Closure))
#39 E:\\_CODING\\_develop\\tinel\\vendor\\laravel\\framework\\src\\Illuminate\\Routing\\Middleware\\SubstituteBindings.php(41): Illuminate\\Pipeline\\Pipeline->Illuminate\\Pipeline\\{closure}(Object(Illuminate\\Http\\Request))
#40 E:\\_CODING\\_develop\\tinel\\vendor\\laravel\\framework\\src\\Illuminate\\Pipeline\\Pipeline.php(167): Illuminate\\Routing\\Middleware\\SubstituteBindings->handle(Object(Illuminate\\Http\\Request), Object(Closure))
#41 E:\\_CODING\\_develop\\tinel\\vendor\\laravel\\framework\\src\\Illuminate\\Foundation\\Http\\Middleware\\VerifyCsrfToken.php(77): Illuminate\\Pipeline\\Pipeline->Illuminate\\Pipeline\\{closure}(Object(Illuminate\\Http\\Request))
#42 E:\\_CODING\\_develop\\tinel\\vendor\\laravel\\framework\\src\\Illuminate\\Pipeline\\Pipeline.php(167): Illuminate\\Foundation\\Http\\Middleware\\VerifyCsrfToken->handle(Object(Illuminate\\Http\\Request), Object(Closure))
#43 E:\\_CODING\\_develop\\tinel\\vendor\\laravel\\framework\\src\\Illuminate\\Session\\Middleware\\AuthenticateSession.php(39): Illuminate\\Pipeline\\Pipeline->Illuminate\\Pipeline\\{closure}(Object(Illuminate\\Http\\Request))
#44 E:\\_CODING\\_develop\\tinel\\vendor\\laravel\\framework\\src\\Illuminate\\Pipeline\\Pipeline.php(167): Illuminate\\Session\\Middleware\\AuthenticateSession->handle(Object(Illuminate\\Http\\Request), Object(Closure))
#45 E:\\_CODING\\_develop\\tinel\\vendor\\laravel\\framework\\src\\Illuminate\\View\\Middleware\\ShareErrorsFromSession.php(49): Illuminate\\Pipeline\\Pipeline->Illuminate\\Pipeline\\{closure}(Object(Illuminate\\Http\\Request))
#46 E:\\_CODING\\_develop\\tinel\\vendor\\laravel\\framework\\src\\Illuminate\\Pipeline\\Pipeline.php(167): Illuminate\\View\\Middleware\\ShareErrorsFromSession->handle(Object(Illuminate\\Http\\Request), Object(Closure))
#47 E:\\_CODING\\_develop\\tinel\\vendor\\laravel\\framework\\src\\Illuminate\\Session\\Middleware\\StartSession.php(116): Illuminate\\Pipeline\\Pipeline->Illuminate\\Pipeline\\{closure}(Object(Illuminate\\Http\\Request))
#48 E:\\_CODING\\_develop\\tinel\\vendor\\laravel\\framework\\src\\Illuminate\\Session\\Middleware\\StartSession.php(62): Illuminate\\Session\\Middleware\\StartSession->handleStatefulRequest(Object(Illuminate\\Http\\Request), Object(Illuminate\\Session\\Store), Object(Closure))
#49 E:\\_CODING\\_develop\\tinel\\vendor\\laravel\\framework\\src\\Illuminate\\Pipeline\\Pipeline.php(167): Illuminate\\Session\\Middleware\\StartSession->handle(Object(Illuminate\\Http\\Request), Object(Closure))
#50 E:\\_CODING\\_develop\\tinel\\vendor\\laravel\\framework\\src\\Illuminate\\Cookie\\Middleware\\AddQueuedCookiesToResponse.php(37): Illuminate\\Pipeline\\Pipeline->Illuminate\\Pipeline\\{closure}(Object(Illuminate\\Http\\Request))
#51 E:\\_CODING\\_develop\\tinel\\vendor\\laravel\\framework\\src\\Illuminate\\Pipeline\\Pipeline.php(167): Illuminate\\Cookie\\Middleware\\AddQueuedCookiesToResponse->handle(Object(Illuminate\\Http\\Request), Object(Closure))
#52 E:\\_CODING\\_develop\\tinel\\vendor\\laravel\\framework\\src\\Illuminate\\Cookie\\Middleware\\EncryptCookies.php(67): Illuminate\\Pipeline\\Pipeline->Illuminate\\Pipeline\\{closure}(Object(Illuminate\\Http\\Request))
#53 E:\\_CODING\\_develop\\tinel\\vendor\\laravel\\framework\\src\\Illuminate\\Pipeline\\Pipeline.php(167): Illuminate\\Cookie\\Middleware\\EncryptCookies->handle(Object(Illuminate\\Http\\Request), Object(Closure))
#54 E:\\_CODING\\_develop\\tinel\\vendor\\stancl\\tenancy\\src\\Middleware\\PreventAccessFromTenantDomains.php(55): Illuminate\\Pipeline\\Pipeline->Illuminate\\Pipeline\\{closure}(Object(Illuminate\\Http\\Request))
#55 E:\\_CODING\\_develop\\tinel\\vendor\\laravel\\framework\\src\\Illuminate\\Pipeline\\Pipeline.php(167): Stancl\\Tenancy\\Middleware\\PreventAccessFromTenantDomains->handle(Object(Illuminate\\Http\\Request), Object(Closure))
#56 E:\\_CODING\\_develop\\tinel\\vendor\\laravel\\framework\\src\\Illuminate\\Pipeline\\Pipeline.php(103): Illuminate\\Pipeline\\Pipeline->Illuminate\\Pipeline\\{closure}(Object(Illuminate\\Http\\Request))
#57 E:\\_CODING\\_develop\\tinel\\vendor\\laravel\\framework\\src\\Illuminate\\Routing\\Router.php(687): Illuminate\\Pipeline\\Pipeline->then(Object(Closure))
#58 E:\\_CODING\\_develop\\tinel\\vendor\\laravel\\framework\\src\\Illuminate\\Routing\\Router.php(662): Illuminate\\Routing\\Router->runRouteWithinStack(Object(Illuminate\\Routing\\Route), Object(Illuminate\\Http\\Request))
#59 E:\\_CODING\\_develop\\tinel\\vendor\\laravel\\framework\\src\\Illuminate\\Routing\\Router.php(628): Illuminate\\Routing\\Router->runRoute(Object(Illuminate\\Http\\Request), Object(Illuminate\\Routing\\Route))
#60 E:\\_CODING\\_develop\\tinel\\vendor\\laravel\\framework\\src\\Illuminate\\Routing\\Router.php(617): Illuminate\\Routing\\Router->dispatchToRoute(Object(Illuminate\\Http\\Request))
#61 E:\\_CODING\\_develop\\tinel\\vendor\\laravel\\framework\\src\\Illuminate\\Foundation\\Http\\Kernel.php(165): Illuminate\\Routing\\Router->dispatch(Object(Illuminate\\Http\\Request))
#62 E:\\_CODING\\_develop\\tinel\\vendor\\laravel\\framework\\src\\Illuminate\\Pipeline\\Pipeline.php(128): Illuminate\\Foundation\\Http\\Kernel->Illuminate\\Foundation\\Http\\{closure}(Object(Illuminate\\Http\\Request))
#63 E:\\_CODING\\_develop\\tinel\\vendor\\laravel\\framework\\src\\Illuminate\\Foundation\\Http\\Middleware\\TransformsRequest.php(21): Illuminate\\Pipeline\\Pipeline->Illuminate\\Pipeline\\{closure}(Object(Illuminate\\Http\\Request))
#64 E:\\_CODING\\_develop\\tinel\\vendor\\laravel\\framework\\src\\Illuminate\\Pipeline\\Pipeline.php(167): Illuminate\\Foundation\\Http\\Middleware\\TransformsRequest->handle(Object(Illuminate\\Http\\Request), Object(Closure))
#65 E:\\_CODING\\_develop\\tinel\\vendor\\laravel\\framework\\src\\Illuminate\\Foundation\\Http\\Middleware\\TransformsRequest.php(21): Illuminate\\Pipeline\\Pipeline->Illuminate\\Pipeline\\{closure}(Object(Illuminate\\Http\\Request))
#66 E:\\_CODING\\_develop\\tinel\\vendor\\laravel\\framework\\src\\Illuminate\\Pipeline\\Pipeline.php(167): Illuminate\\Foundation\\Http\\Middleware\\TransformsRequest->handle(Object(Illuminate\\Http\\Request), Object(Closure))
#67 E:\\_CODING\\_develop\\tinel\\vendor\\laravel\\framework\\src\\Illuminate\\Foundation\\Http\\Middleware\\ValidatePostSize.php(27): Illuminate\\Pipeline\\Pipeline->Illuminate\\Pipeline\\{closure}(Object(Illuminate\\Http\\Request))
#68 E:\\_CODING\\_develop\\tinel\\vendor\\laravel\\framework\\src\\Illuminate\\Pipeline\\Pipeline.php(167): Illuminate\\Foundation\\Http\\Middleware\\ValidatePostSize->handle(Object(Illuminate\\Http\\Request), Object(Closure))
#69 E:\\_CODING\\_develop\\tinel\\vendor\\laravel\\framework\\src\\Illuminate\\Foundation\\Http\\Middleware\\CheckForMaintenanceMode.php(63): Illuminate\\Pipeline\\Pipeline->Illuminate\\Pipeline\\{closure}(Object(Illuminate\\Http\\Request))
#70 E:\\_CODING\\_develop\\tinel\\vendor\\laravel\\framework\\src\\Illuminate\\Pipeline\\Pipeline.php(167): Illuminate\\Foundation\\Http\\Middleware\\CheckForMaintenanceMode->handle(Object(Illuminate\\Http\\Request), Object(Closure))
#71 E:\\_CODING\\_develop\\tinel\\vendor\\fruitcake\\laravel-cors\\src\\HandleCors.php(37): Illuminate\\Pipeline\\Pipeline->Illuminate\\Pipeline\\{closure}(Object(Illuminate\\Http\\Request))
#72 E:\\_CODING\\_develop\\tinel\\vendor\\laravel\\framework\\src\\Illuminate\\Pipeline\\Pipeline.php(167): Fruitcake\\Cors\\HandleCors->handle(Object(Illuminate\\Http\\Request), Object(Closure))
#73 E:\\_CODING\\_develop\\tinel\\vendor\\fideloper\\proxy\\src\\TrustProxies.php(57): Illuminate\\Pipeline\\Pipeline->Illuminate\\Pipeline\\{closure}(Object(Illuminate\\Http\\Request))
#74 E:\\_CODING\\_develop\\tinel\\vendor\\laravel\\framework\\src\\Illuminate\\Pipeline\\Pipeline.php(167): Fideloper\\Proxy\\TrustProxies->handle(Object(Illuminate\\Http\\Request), Object(Closure))
#75 E:\\_CODING\\_develop\\tinel\\vendor\\stancl\\tenancy\\src\\Middleware\\InitializeTenancy.php(43): Illuminate\\Pipeline\\Pipeline->Illuminate\\Pipeline\\{closure}(Object(Illuminate\\Http\\Request))
#76 E:\\_CODING\\_develop\\tinel\\vendor\\laravel\\framework\\src\\Illuminate\\Pipeline\\Pipeline.php(167): Stancl\\Tenancy\\Middleware\\InitializeTenancy->handle(Object(Illuminate\\Http\\Request), Object(Closure))
#77 E:\\_CODING\\_develop\\tinel\\vendor\\laravel\\framework\\src\\Illuminate\\Pipeline\\Pipeline.php(103): Illuminate\\Pipeline\\Pipeline->Illuminate\\Pipeline\\{closure}(Object(Illuminate\\Http\\Request))
#78 E:\\_CODING\\_develop\\tinel\\vendor\\laravel\\framework\\src\\Illuminate\\Foundation\\Http\\Kernel.php(140): Illuminate\\Pipeline\\Pipeline->then(Object(Closure))
#79 E:\\_CODING\\_develop\\tinel\\vendor\\laravel\\framework\\src\\Illuminate\\Foundation\\Http\\Kernel.php(109): Illuminate\\Foundation\\Http\\Kernel->sendRequestThroughRouter(Object(Illuminate\\Http\\Request))
#80 E:\\_CODING\\_develop\\tinel\\public\\index.php(55): Illuminate\\Foundation\\Http\\Kernel->handle(Object(Illuminate\\Http\\Request))
#81 {main}
"} 
